<?xml version="1.0" encoding="UTF-8"?>
<coverage generated="1769940634491" clover="3.2.0">
  <project timestamp="1769940634491" name="All files">
    <metrics statements="250" coveredstatements="191" conditionals="137" coveredconditionals="93" methods="80" coveredmethods="67" elements="467" coveredelements="351" complexity="0" loc="250" ncloc="250" packages="7" files="14" classes="14"/>
    <package name="components">
      <metrics statements="106" coveredstatements="54" conditionals="76" coveredconditionals="44" methods="30" coveredmethods="22"/>
      <file name="AnalyzeButton.tsx" path="/Users/fabian/git/emot-id/src/components/AnalyzeButton.tsx">
        <metrics statements="2" coveredstatements="2" conditionals="8" coveredconditionals="8" methods="1" coveredmethods="1"/>
        <line num="10" count="4" type="stmt"/>
        <line num="12" count="4" type="stmt"/>
      </file>
      <file name="Bubble.tsx" path="/Users/fabian/git/emot-id/src/components/Bubble.tsx">
        <metrics statements="18" coveredstatements="18" conditionals="10" coveredconditionals="6" methods="5" coveredmethods="5"/>
        <line num="13" count="3" type="stmt"/>
        <line num="20" count="16" type="stmt"/>
        <line num="24" count="8" type="cond" truecount="1" falsecount="1"/>
        <line num="25" count="8" type="stmt"/>
        <line num="26" count="8" type="stmt"/>
        <line num="27" count="8" type="stmt"/>
        <line num="28" count="8" type="stmt"/>
        <line num="29" count="8" type="stmt"/>
        <line num="33" count="8" type="cond" truecount="1" falsecount="1"/>
        <line num="34" count="8" type="stmt"/>
        <line num="35" count="8" type="stmt"/>
        <line num="36" count="8" type="stmt"/>
        <line num="37" count="8" type="stmt"/>
        <line num="38" count="8" type="stmt"/>
        <line num="39" count="8" type="cond" truecount="1" falsecount="1"/>
        <line num="43" count="8" type="stmt"/>
        <line num="45" count="8" type="stmt"/>
        <line num="58" count="2" type="stmt"/>
      </file>
      <file name="BubbleField.tsx" path="/Users/fabian/git/emot-id/src/components/BubbleField.tsx">
        <metrics statements="65" coveredstatements="15" conditionals="30" coveredconditionals="4" methods="11" coveredmethods="5"/>
        <line num="12" count="2" type="stmt"/>
        <line num="13" count="2" type="stmt"/>
        <line num="22" count="0" type="stmt"/>
        <line num="23" count="0" type="stmt"/>
        <line num="25" count="0" type="stmt"/>
        <line num="26" count="0" type="stmt"/>
        <line num="27" count="0" type="stmt"/>
        <line num="29" count="0" type="stmt"/>
        <line num="30" count="0" type="cond" truecount="0" falsecount="2"/>
        <line num="31" count="0" type="stmt"/>
        <line num="32" count="0" type="stmt"/>
        <line num="34" count="0" type="stmt"/>
        <line num="35" count="0" type="stmt"/>
        <line num="36" count="0" type="stmt"/>
        <line num="37" count="0" type="stmt"/>
        <line num="40" count="0" type="cond" truecount="0" falsecount="2"/>
        <line num="41" count="0" type="stmt"/>
        <line num="42" count="0" type="stmt"/>
        <line num="44" count="0" type="stmt"/>
        <line num="45" count="0" type="cond" truecount="0" falsecount="4"/>
        <line num="51" count="0" type="cond" truecount="0" falsecount="2"/>
        <line num="52" count="0" type="stmt"/>
        <line num="54" count="0" type="stmt"/>
        <line num="58" count="0" type="cond" truecount="0" falsecount="2"/>
        <line num="59" count="0" type="cond" truecount="0" falsecount="2"/>
        <line num="60" count="0" type="stmt"/>
        <line num="61" count="0" type="stmt"/>
        <line num="62" count="0" type="stmt"/>
        <line num="63" count="0" type="stmt"/>
        <line num="64" count="0" type="stmt"/>
        <line num="67" count="0" type="stmt"/>
        <line num="68" count="0" type="stmt"/>
        <line num="71" count="0" type="stmt"/>
        <line num="79" count="2" type="stmt"/>
        <line num="80" count="2" type="stmt"/>
        <line num="81" count="2" type="stmt"/>
        <line num="84" count="2" type="stmt"/>
        <line num="85" count="2" type="stmt"/>
        <line num="86" count="2" type="cond" truecount="1" falsecount="1"/>
        <line num="88" count="2" type="stmt"/>
        <line num="89" count="0" type="stmt"/>
        <line num="90" count="0" type="cond" truecount="0" falsecount="2"/>
        <line num="91" count="0" type="stmt"/>
        <line num="98" count="2" type="stmt"/>
        <line num="99" count="2" type="stmt"/>
        <line num="103" count="2" type="stmt"/>
        <line num="104" count="2" type="cond" truecount="2" falsecount="2"/>
        <line num="106" count="0" type="stmt"/>
        <line num="107" count="0" type="stmt"/>
        <line num="108" count="0" type="stmt"/>
        <line num="111" count="0" type="stmt"/>
        <line num="112" count="0" type="stmt"/>
        <line num="113" count="0" type="stmt"/>
        <line num="114" count="0" type="cond" truecount="0" falsecount="2"/>
        <line num="115" count="0" type="cond" truecount="0" falsecount="2"/>
        <line num="116" count="0" type="stmt"/>
        <line num="121" count="0" type="stmt"/>
        <line num="126" count="0" type="stmt"/>
        <line num="127" count="0" type="stmt"/>
        <line num="128" count="0" type="cond" truecount="0" falsecount="2"/>
        <line num="130" count="0" type="stmt"/>
        <line num="131" count="0" type="stmt"/>
        <line num="133" count="0" type="stmt"/>
        <line num="137" count="2" type="stmt"/>
        <line num="145" count="4" type="stmt"/>
      </file>
      <file name="ResultModal.tsx" path="/Users/fabian/git/emot-id/src/components/ResultModal.tsx">
        <metrics statements="16" coveredstatements="15" conditionals="22" coveredconditionals="21" methods="9" coveredmethods="8"/>
        <line num="13" count="10" type="stmt"/>
        <line num="15" count="10" type="stmt"/>
        <line num="16" count="9" type="cond" truecount="2" falsecount="0"/>
        <line num="17" count="9" type="stmt"/>
        <line num="18" count="6" type="cond" truecount="1" falsecount="1"/>
        <line num="20" count="9" type="cond" truecount="2" falsecount="0"/>
        <line num="25" count="9" type="cond" truecount="2" falsecount="0"/>
        <line num="26" count="9" type="stmt"/>
        <line num="27" count="9" type="stmt"/>
        <line num="30" count="10" type="stmt"/>
        <line num="45" count="0" type="stmt"/>
        <line num="64" count="11" type="stmt"/>
        <line num="72" count="9" type="cond" truecount="2" falsecount="0"/>
        <line num="78" count="9" type="stmt"/>
        <line num="88" count="3" type="stmt"/>
        <line num="100" count="2" type="stmt"/>
      </file>
      <file name="SelectionBar.tsx" path="/Users/fabian/git/emot-id/src/components/SelectionBar.tsx">
        <metrics statements="5" coveredstatements="4" conditionals="6" coveredconditionals="5" methods="4" coveredmethods="3"/>
        <line num="13" count="5" type="stmt"/>
        <line num="15" count="5" type="stmt"/>
        <line num="45" count="8" type="stmt"/>
        <line num="54" count="1" type="stmt"/>
        <line num="78" count="0" type="stmt"/>
      </file>
    </package>
    <package name="context">
      <metrics statements="20" coveredstatements="18" conditionals="10" coveredconditionals="6" methods="5" coveredmethods="4"/>
      <file name="LanguageContext.tsx" path="/Users/fabian/git/emot-id/src/context/LanguageContext.tsx">
        <metrics statements="20" coveredstatements="18" conditionals="10" coveredconditionals="6" methods="5" coveredmethods="4"/>
        <line num="15" count="6" type="stmt"/>
        <line num="17" count="6" type="stmt"/>
        <line num="23" count="25" type="stmt"/>
        <line num="24" count="25" type="cond" truecount="1" falsecount="1"/>
        <line num="25" count="25" type="stmt"/>
        <line num="26" count="25" type="stmt"/>
        <line num="27" count="25" type="cond" truecount="3" falsecount="1"/>
        <line num="32" count="25" type="stmt"/>
        <line num="33" count="25" type="cond" truecount="1" falsecount="1"/>
        <line num="35" count="25" type="stmt"/>
        <line num="38" count="25" type="stmt"/>
        <line num="39" count="25" type="stmt"/>
        <line num="40" count="25" type="stmt"/>
        <line num="46" count="25" type="stmt"/>
        <line num="47" count="0" type="stmt"/>
        <line num="50" count="25" type="stmt"/>
        <line num="59" count="27" type="stmt"/>
        <line num="60" count="27" type="cond" truecount="1" falsecount="1"/>
        <line num="61" count="0" type="stmt"/>
        <line num="63" count="27" type="stmt"/>
      </file>
    </package>
    <package name="hooks">
      <metrics statements="43" coveredstatements="42" conditionals="9" coveredconditionals="7" methods="19" coveredmethods="19"/>
      <file name="useEmotionModel.ts" path="/Users/fabian/git/emot-id/src/hooks/useEmotionModel.ts">
        <metrics statements="43" coveredstatements="42" conditionals="9" coveredconditionals="7" methods="19" coveredmethods="19"/>
        <line num="6" count="53" type="stmt"/>
        <line num="8" count="53" type="stmt"/>
        <line num="9" count="53" type="stmt"/>
        <line num="10" count="53" type="stmt"/>
        <line num="11" count="53" type="stmt"/>
        <line num="14" count="53" type="stmt"/>
        <line num="15" count="11" type="stmt"/>
        <line num="16" count="11" type="stmt"/>
        <line num="19" count="53" type="stmt"/>
        <line num="20" count="38" type="stmt"/>
        <line num="21" count="38" type="stmt"/>
        <line num="22" count="317" type="stmt"/>
        <line num="23" count="317" type="stmt"/>
        <line num="26" count="53" type="stmt"/>
        <line num="27" count="38" type="stmt"/>
        <line num="28" count="38" type="stmt"/>
        <line num="29" count="317" type="stmt"/>
        <line num="31" count="38" type="stmt"/>
        <line num="34" count="53" type="stmt"/>
        <line num="36" count="14" type="stmt"/>
        <line num="37" count="14" type="stmt"/>
        <line num="39" count="14" type="cond" truecount="2" falsecount="0"/>
        <line num="40" count="4" type="stmt"/>
        <line num="42" count="10" type="stmt"/>
        <line num="43" count="10" type="cond" truecount="1" falsecount="1"/>
        <line num="44" count="10" type="stmt"/>
        <line num="48" count="14" type="stmt"/>
        <line num="54" count="53" type="stmt"/>
        <line num="56" count="2" type="stmt"/>
        <line num="57" count="2" type="stmt"/>
        <line num="59" count="2" type="cond" truecount="1" falsecount="1"/>
        <line num="60" count="0" type="stmt"/>
        <line num="62" count="3" type="stmt"/>
        <line num="65" count="2" type="stmt"/>
        <line num="71" count="53" type="stmt"/>
        <line num="72" count="1" type="stmt"/>
        <line num="73" count="1" type="stmt"/>
        <line num="76" count="53" type="stmt"/>
        <line num="77" count="34" type="cond" truecount="2" falsecount="0"/>
        <line num="78" count="4" type="stmt"/>
        <line num="81" count="53" type="stmt"/>
        <line num="82" count="1" type="stmt"/>
        <line num="85" count="53" type="stmt"/>
      </file>
    </package>
    <package name="i18n">
      <metrics statements="0" coveredstatements="0" conditionals="0" coveredconditionals="0" methods="0" coveredmethods="0"/>
      <file name="en.json" path="/Users/fabian/git/emot-id/src/i18n/en.json">
        <metrics statements="0" coveredstatements="0" conditionals="0" coveredconditionals="0" methods="0" coveredmethods="0"/>
      </file>
      <file name="ro.json" path="/Users/fabian/git/emot-id/src/i18n/ro.json">
        <metrics statements="0" coveredstatements="0" conditionals="0" coveredconditionals="0" methods="0" coveredmethods="0"/>
      </file>
    </package>
    <package name="models">
      <metrics statements="5" coveredstatements="3" conditionals="0" coveredconditionals="0" methods="4" coveredmethods="1"/>
      <file name="registry.ts" path="/Users/fabian/git/emot-id/src/models/registry.ts">
        <metrics statements="5" coveredstatements="3" conditionals="0" coveredconditionals="0" methods="4" coveredmethods="1"/>
        <line num="12" count="1" type="stmt"/>
        <line num="23" count="1" type="stmt"/>
        <line num="26" count="53" type="stmt"/>
        <line num="30" count="0" type="stmt"/>
        <line num="34" count="0" type="stmt"/>
      </file>
    </package>
    <package name="models.plutchik">
      <metrics statements="47" coveredstatements="45" conditionals="30" coveredconditionals="24" methods="11" coveredmethods="10"/>
      <file name="data.json" path="/Users/fabian/git/emot-id/src/models/plutchik/data.json">
        <metrics statements="0" coveredstatements="0" conditionals="0" coveredconditionals="0" methods="0" coveredmethods="0"/>
      </file>
      <file name="index.ts" path="/Users/fabian/git/emot-id/src/models/plutchik/index.ts">
        <metrics statements="47" coveredstatements="45" conditionals="30" coveredconditionals="24" methods="11" coveredmethods="10"/>
        <line num="5" count="2" type="stmt"/>
        <line num="7" count="2" type="stmt"/>
        <line num="18" count="2" type="stmt"/>
        <line num="28" count="18" type="stmt"/>
        <line num="29" count="144" type="stmt"/>
        <line num="35" count="8" type="stmt"/>
        <line num="36" count="8" type="stmt"/>
        <line num="37" count="8" type="stmt"/>
        <line num="39" count="8" type="cond" truecount="1" falsecount="1"/>
        <line num="40" count="8" type="stmt"/>
        <line num="41" count="32" type="cond" truecount="3" falsecount="1"/>
        <line num="42" count="32" type="cond" truecount="2" falsecount="0"/>
        <line num="43" count="30" type="stmt"/>
        <line num="48" count="8" type="stmt"/>
        <line num="57" count="1" type="stmt"/>
        <line num="58" count="1" type="stmt"/>
        <line num="60" count="1" type="cond" truecount="1" falsecount="1"/>
        <line num="61" count="0" type="stmt"/>
        <line num="62" count="0" type="cond" truecount="0" falsecount="2"/>
        <line num="65" count="1" type="stmt"/>
        <line num="68" count="1" type="stmt"/>
        <line num="77" count="1" type="stmt"/>
        <line num="78" count="8" type="stmt"/>
        <line num="84" count="11" type="cond" truecount="2" falsecount="0"/>
        <line num="86" count="10" type="cond" truecount="2" falsecount="0"/>
        <line num="87" count="2" type="stmt"/>
        <line num="88" count="2" type="stmt"/>
        <line num="91" count="8" type="stmt"/>
        <line num="92" count="19" type="stmt"/>
        <line num="93" count="8" type="stmt"/>
        <line num="95" count="8" type="stmt"/>
        <line num="96" count="424" type="cond" truecount="4" falsecount="0"/>
        <line num="97" count="232" type="stmt"/>
        <line num="98" count="232" type="cond" truecount="4" falsecount="0"/>
        <line num="99" count="10" type="stmt"/>
        <line num="100" count="10" type="stmt"/>
        <line num="101" count="10" type="stmt"/>
        <line num="102" count="10" type="stmt"/>
        <line num="103" count="10" type="stmt"/>
        <line num="114" count="8" type="stmt"/>
        <line num="115" count="19" type="cond" truecount="2" falsecount="0"/>
        <line num="116" count="2" type="stmt"/>
        <line num="120" count="8" type="stmt"/>
        <line num="124" count="245" type="cond" truecount="1" falsecount="1"/>
        <line num="125" count="245" type="stmt"/>
        <line num="126" count="245" type="cond" truecount="2" falsecount="0"/>
        <line num="127" count="63" type="stmt"/>
      </file>
    </package>
    <package name="models.wheel">
      <metrics statements="29" coveredstatements="29" conditionals="12" coveredconditionals="12" methods="11" coveredmethods="11"/>
      <file name="data.json" path="/Users/fabian/git/emot-id/src/models/wheel/data.json">
        <metrics statements="0" coveredstatements="0" conditionals="0" coveredconditionals="0" methods="0" coveredmethods="0"/>
      </file>
      <file name="index.ts" path="/Users/fabian/git/emot-id/src/models/wheel/index.ts">
        <metrics statements="29" coveredstatements="29" conditionals="12" coveredconditionals="12" methods="11" coveredmethods="11"/>
        <line num="5" count="4" type="stmt"/>
        <line num="7" count="4" type="stmt"/>
        <line num="17" count="4" type="stmt"/>
        <line num="27" count="6" type="stmt"/>
        <line num="28" count="42" type="stmt"/>
        <line num="34" count="10" type="stmt"/>
        <line num="36" count="10" type="cond" truecount="2" falsecount="0"/>
        <line num="39" count="7" type="stmt"/>
        <line num="40" count="7" type="stmt"/>
        <line num="41" count="39" type="stmt"/>
        <line num="43" count="7" type="stmt"/>
        <line num="53" count="3" type="stmt"/>
        <line num="55" count="21" type="stmt"/>
        <line num="63" count="2" type="stmt"/>
        <line num="65" count="14" type="stmt"/>
        <line num="72" count="1" type="stmt"/>
        <line num="73" count="7" type="stmt"/>
        <line num="79" count="8" type="stmt"/>
        <line num="80" count="11" type="stmt"/>
        <line num="81" count="11" type="stmt"/>
        <line num="82" count="11" type="stmt"/>
        <line num="83" count="28" type="stmt"/>
        <line num="84" count="28" type="cond" truecount="2" falsecount="0"/>
        <line num="87" count="11" type="stmt"/>
        <line num="98" count="72" type="stmt"/>
        <line num="99" count="72" type="cond" truecount="2" falsecount="0"/>
        <line num="100" count="61" type="cond" truecount="2" falsecount="0"/>
        <line num="101" count="19" type="cond" truecount="2" falsecount="0"/>
        <line num="102" count="4" type="stmt"/>
      </file>
    </package>
  </project>
</coverage>
