{"/Users/fabian/git/emot-id/src/components/AnalyzeButton.tsx": {"path":"/Users/fabian/git/emot-id/src/components/AnalyzeButton.tsx","statementMap":{"0":{"start":{"line":10,"column":12},"end":{"line":10,"column":null}},"1":{"start":{"line":12,"column":2},"end":{"line":25,"column":null}}},"fnMap":{"0":{"name":"AnalyzeButton","decl":{"start":{"line":9,"column":16},"end":{"line":9,"column":30}},"loc":{"start":{"line":9,"column":73},"end":{"line":27,"column":null}},"line":9}},"branchMap":{"0":{"loc":{"start":{"line":14,"column":18},"end":{"line":14,"column":null}},"type":"cond-expr","locations":[{"start":{"line":14,"column":29},"end":{"line":14,"column":34}},{"start":{"line":14,"column":34},"end":{"line":14,"column":null}}],"line":14},"1":{"loc":{"start":{"line":15,"column":16},"end":{"line":15,"column":null}},"type":"cond-expr","locations":[{"start":{"line":15,"column":27},"end":{"line":15,"column":32}},{"start":{"line":15,"column":32},"end":{"line":15,"column":null}}],"line":15},"2":{"loc":{"start":{"line":19,"column":8},"end":{"line":21,"column":null}},"type":"cond-expr","locations":[{"start":{"line":20,"column":12},"end":{"line":20,"column":null}},{"start":{"line":21,"column":12},"end":{"line":21,"column":null}}],"line":19},"3":{"loc":{"start":{"line":24,"column":7},"end":{"line":24,"column":null}},"type":"cond-expr","locations":[{"start":{"line":24,"column":18},"end":{"line":24,"column":45}},{"start":{"line":24,"column":45},"end":{"line":24,"column":null}}],"line":24}},"s":{"0":4,"1":4},"f":{"0":4},"b":{"0":[2,2],"1":[2,2],"2":[2,2],"3":[2,2]},"meta":{"lastBranch":4,"lastFunction":1,"lastStatement":2,"seen":{"f:9:16:9:30":0,"s:10:12:10:Infinity":0,"s:12:2:25:Infinity":1,"b:14:29:14:34:14:34:14:Infinity":0,"b:15:27:15:32:15:32:15:Infinity":1,"b:20:12:20:Infinity:21:12:21:Infinity":2,"b:24:18:24:45:24:45:24:Infinity":3}}}
,"/Users/fabian/git/emot-id/src/components/Bubble.tsx": {"path":"/Users/fabian/git/emot-id/src/components/Bubble.tsx","statementMap":{"0":{"start":{"line":13,"column":20},"end":{"line":17,"column":null}},"1":{"start":{"line":20,"column":2},"end":{"line":20,"column":null}},"2":{"start":{"line":24,"column":2},"end":{"line":24,"column":null}},"3":{"start":{"line":24,"column":24},"end":{"line":24,"column":null}},"4":{"start":{"line":25,"column":14},"end":{"line":25,"column":null}},"5":{"start":{"line":26,"column":12},"end":{"line":26,"column":null}},"6":{"start":{"line":27,"column":12},"end":{"line":27,"column":null}},"7":{"start":{"line":28,"column":12},"end":{"line":28,"column":null}},"8":{"start":{"line":29,"column":2},"end":{"line":29,"column":null}},"9":{"start":{"line":33,"column":2},"end":{"line":33,"column":null}},"10":{"start":{"line":33,"column":24},"end":{"line":33,"column":null}},"11":{"start":{"line":34,"column":14},"end":{"line":34,"column":null}},"12":{"start":{"line":35,"column":12},"end":{"line":35,"column":null}},"13":{"start":{"line":36,"column":13},"end":{"line":36,"column":null}},"14":{"start":{"line":37,"column":12},"end":{"line":37,"column":null}},"15":{"start":{"line":38,"column":8},"end":{"line":38,"column":null}},"16":{"start":{"line":39,"column":2},"end":{"line":39,"column":null}},"17":{"start":{"line":43,"column":19},"end":{"line":43,"column":null}},"18":{"start":{"line":45,"column":2},"end":{"line":71,"column":null}},"19":{"start":{"line":58,"column":21},"end":{"line":58,"column":null}}},"fnMap":{"0":{"name":"isValidHex","decl":{"start":{"line":19,"column":9},"end":{"line":19,"column":20}},"loc":{"start":{"line":19,"column":42},"end":{"line":21,"column":null}},"line":19},"1":{"name":"adjustColor","decl":{"start":{"line":23,"column":9},"end":{"line":23,"column":21}},"loc":{"start":{"line":23,"column":58},"end":{"line":30,"column":null}},"line":23},"2":{"name":"getContrastColor","decl":{"start":{"line":32,"column":9},"end":{"line":32,"column":26}},"loc":{"start":{"line":32,"column":47},"end":{"line":40,"column":null}},"line":32},"3":{"name":"Bubble","decl":{"start":{"line":42,"column":16},"end":{"line":42,"column":23}},"loc":{"start":{"line":42,"column":96},"end":{"line":73,"column":null}},"line":42},"4":{"name":"(anonymous_4)","decl":{"start":{"line":58,"column":15},"end":{"line":58,"column":21}},"loc":{"start":{"line":58,"column":21},"end":{"line":58,"column":null}},"line":58}},"branchMap":{"0":{"loc":{"start":{"line":24,"column":2},"end":{"line":24,"column":null}},"type":"if","locations":[{"start":{"line":24,"column":2},"end":{"line":24,"column":null}},{"start":{},"end":{}}],"line":24},"1":{"loc":{"start":{"line":33,"column":2},"end":{"line":33,"column":null}},"type":"if","locations":[{"start":{"line":33,"column":2},"end":{"line":33,"column":null}},{"start":{},"end":{}}],"line":33},"2":{"loc":{"start":{"line":39,"column":9},"end":{"line":39,"column":null}},"type":"cond-expr","locations":[{"start":{"line":39,"column":27},"end":{"line":39,"column":39}},{"start":{"line":39,"column":39},"end":{"line":39,"column":null}}],"line":39},"3":{"loc":{"start":{"line":42,"column":43},"end":{"line":42,"column":60}},"type":"default-arg","locations":[{"start":{"line":42,"column":50},"end":{"line":42,"column":60}}],"line":42},"4":{"loc":{"start":{"line":42,"column":60},"end":{"line":42,"column":71}},"type":"default-arg","locations":[{"start":{"line":42,"column":68},"end":{"line":42,"column":71}}],"line":42},"5":{"loc":{"start":{"line":61,"column":18},"end":{"line":61,"column":null}},"type":"cond-expr","locations":[{"start":{"line":61,"column":29},"end":{"line":61,"column":42}},{"start":{"line":61,"column":42},"end":{"line":61,"column":null}}],"line":61}},"s":{"0":3,"1":16,"2":8,"3":0,"4":8,"5":8,"6":8,"7":8,"8":8,"9":8,"10":0,"11":8,"12":8,"13":8,"14":8,"15":8,"16":8,"17":8,"18":8,"19":2},"f":{"0":16,"1":8,"2":8,"3":8,"4":2},"b":{"0":[0,8],"1":[0,8],"2":[8,0],"3":[8],"4":[8],"5":[0,8]},"meta":{"lastBranch":6,"lastFunction":5,"lastStatement":20,"seen":{"s:13:20:17:Infinity":0,"f:19:9:19:20":0,"s:20:2:20:Infinity":1,"f:23:9:23:21":1,"b:24:2:24:Infinity:undefined:undefined:undefined:undefined":0,"s:24:2:24:Infinity":2,"s:24:24:24:Infinity":3,"s:25:14:25:Infinity":4,"s:26:12:26:Infinity":5,"s:27:12:27:Infinity":6,"s:28:12:28:Infinity":7,"s:29:2:29:Infinity":8,"f:32:9:32:26":2,"b:33:2:33:Infinity:undefined:undefined:undefined:undefined":1,"s:33:2:33:Infinity":9,"s:33:24:33:Infinity":10,"s:34:14:34:Infinity":11,"s:35:12:35:Infinity":12,"s:36:13:36:Infinity":13,"s:37:12:37:Infinity":14,"s:38:8:38:Infinity":15,"s:39:2:39:Infinity":16,"b:39:27:39:39:39:39:39:Infinity":2,"f:42:16:42:23":3,"b:42:50:42:60":3,"b:42:68:42:71":4,"s:43:19:43:Infinity":17,"s:45:2:71:Infinity":18,"f:58:15:58:21":4,"s:58:21:58:Infinity":19,"b:61:29:61:42:61:42:61:Infinity":5}}}
,"/Users/fabian/git/emot-id/src/components/BubbleField.tsx": {"path":"/Users/fabian/git/emot-id/src/components/BubbleField.tsx","statementMap":{"0":{"start":{"line":12,"column":19},"end":{"line":12,"column":null}},"1":{"start":{"line":13,"column":21},"end":{"line":13,"column":null}},"2":{"start":{"line":22,"column":20},"end":{"line":22,"column":null}},"3":{"start":{"line":23,"column":17},"end":{"line":23,"column":null}},"4":{"start":{"line":25,"column":18},"end":{"line":25,"column":null}},"5":{"start":{"line":26,"column":25},"end":{"line":26,"column":null}},"6":{"start":{"line":27,"column":26},"end":{"line":27,"column":null}},"7":{"start":{"line":29,"column":2},"end":{"line":69,"column":null}},"8":{"start":{"line":30,"column":17},"end":{"line":30,"column":null}},"9":{"start":{"line":31,"column":14},"end":{"line":31,"column":null}},"10":{"start":{"line":32,"column":14},"end":{"line":32,"column":null}},"11":{"start":{"line":34,"column":12},"end":{"line":34,"column":null}},"12":{"start":{"line":35,"column":12},"end":{"line":35,"column":null}},"13":{"start":{"line":36,"column":19},"end":{"line":36,"column":null}},"14":{"start":{"line":37,"column":24},"end":{"line":37,"column":null}},"15":{"start":{"line":40,"column":4},"end":{"line":55,"column":null}},"16":{"start":{"line":41,"column":6},"end":{"line":41,"column":null}},"17":{"start":{"line":42,"column":6},"end":{"line":42,"column":null}},"18":{"start":{"line":44,"column":27},"end":{"line":49,"column":null}},"19":{"start":{"line":45,"column":8},"end":{"line":48,"column":null}},"20":{"start":{"line":51,"column":6},"end":{"line":53,"column":null}},"21":{"start":{"line":52,"column":8},"end":{"line":52,"column":null}},"22":{"start":{"line":54,"column":6},"end":{"line":54,"column":null}},"23":{"start":{"line":58,"column":4},"end":{"line":65,"column":null}},"24":{"start":{"line":59,"column":19},"end":{"line":59,"column":null}},"25":{"start":{"line":60,"column":20},"end":{"line":60,"column":null}},"26":{"start":{"line":61,"column":18},"end":{"line":61,"column":null}},"27":{"start":{"line":62,"column":18},"end":{"line":62,"column":null}},"28":{"start":{"line":63,"column":6},"end":{"line":63,"column":null}},"29":{"start":{"line":64,"column":6},"end":{"line":64,"column":null}},"30":{"start":{"line":67,"column":4},"end":{"line":67,"column":null}},"31":{"start":{"line":68,"column":4},"end":{"line":68,"column":null}},"32":{"start":{"line":71,"column":2},"end":{"line":71,"column":null}},"33":{"start":{"line":79,"column":8},"end":{"line":79,"column":null}},"34":{"start":{"line":80,"column":40},"end":{"line":80,"column":null}},"35":{"start":{"line":81,"column":32},"end":{"line":81,"column":null}},"36":{"start":{"line":84,"column":2},"end":{"line":100,"column":null}},"37":{"start":{"line":85,"column":22},"end":{"line":85,"column":null}},"38":{"start":{"line":86,"column":4},"end":{"line":86,"column":null}},"39":{"start":{"line":86,"column":20},"end":{"line":86,"column":null}},"40":{"start":{"line":88,"column":21},"end":{"line":96,"column":null}},"41":{"start":{"line":89,"column":20},"end":{"line":89,"column":null}},"42":{"start":{"line":90,"column":6},"end":{"line":95,"column":null}},"43":{"start":{"line":91,"column":8},"end":{"line":94,"column":null}},"44":{"start":{"line":98,"column":4},"end":{"line":98,"column":null}},"45":{"start":{"line":99,"column":4},"end":{"line":99,"column":null}},"46":{"start":{"line":99,"column":17},"end":{"line":99,"column":null}},"47":{"start":{"line":103,"column":2},"end":{"line":135,"column":null}},"48":{"start":{"line":104,"column":4},"end":{"line":104,"column":null}},"49":{"start":{"line":104,"column":65},"end":{"line":104,"column":null}},"50":{"start":{"line":106,"column":4},"end":{"line":134,"column":null}},"51":{"start":{"line":107,"column":25},"end":{"line":107,"column":null}},"52":{"start":{"line":107,"column":51},"end":{"line":107,"column":55}},"53":{"start":{"line":108,"column":26},"end":{"line":108,"column":null}},"54":{"start":{"line":108,"column":47},"end":{"line":108,"column":71}},"55":{"start":{"line":111,"column":78},"end":{"line":111,"column":null}},"56":{"start":{"line":112,"column":6},"end":{"line":118,"column":null}},"57":{"start":{"line":113,"column":20},"end":{"line":113,"column":null}},"58":{"start":{"line":114,"column":8},"end":{"line":117,"column":null}},"59":{"start":{"line":115,"column":23},"end":{"line":115,"column":null}},"60":{"start":{"line":116,"column":10},"end":{"line":116,"column":null}},"61":{"start":{"line":121,"column":27},"end":{"line":123,"column":null}},"62":{"start":{"line":126,"column":21},"end":{"line":126,"column":null}},"63":{"start":{"line":127,"column":6},"end":{"line":129,"column":null}},"64":{"start":{"line":128,"column":8},"end":{"line":128,"column":null}},"65":{"start":{"line":128,"column":32},"end":{"line":128,"column":null}},"66":{"start":{"line":130,"column":6},"end":{"line":132,"column":null}},"67":{"start":{"line":131,"column":8},"end":{"line":131,"column":null}},"68":{"start":{"line":133,"column":6},"end":{"line":133,"column":null}},"69":{"start":{"line":137,"column":2},"end":{"line":156,"column":null}},"70":{"start":{"line":145,"column":12},"end":{"line":152,"column":null}}},"fnMap":{"0":{"name":"calculatePositionsForNewEmotions","decl":{"start":{"line":15,"column":9},"end":{"line":15,"column":null}},"loc":{"start":{"line":21,"column":41},"end":{"line":72,"column":null}},"line":21},"1":{"name":"(anonymous_1)","decl":{"start":{"line":44,"column":39},"end":{"line":44,"column":null}},"loc":{"start":{"line":45,"column":8},"end":{"line":48,"column":null}},"line":45},"2":{"name":"BubbleField","decl":{"start":{"line":74,"column":16},"end":{"line":74,"column":28}},"loc":{"start":{"line":78,"column":21},"end":{"line":158,"column":null}},"line":78},"3":{"name":"(anonymous_3)","decl":{"start":{"line":84,"column":12},"end":{"line":84,"column":18}},"loc":{"start":{"line":84,"column":18},"end":{"line":100,"column":5}},"line":84},"4":{"name":"(anonymous_4)","decl":{"start":{"line":88,"column":40},"end":{"line":88,"column":41}},"loc":{"start":{"line":88,"column":53},"end":{"line":96,"column":5}},"line":88},"5":{"name":"(anonymous_5)","decl":{"start":{"line":99,"column":11},"end":{"line":99,"column":17}},"loc":{"start":{"line":99,"column":17},"end":{"line":99,"column":null}},"line":99},"6":{"name":"(anonymous_6)","decl":{"start":{"line":103,"column":12},"end":{"line":103,"column":18}},"loc":{"start":{"line":103,"column":18},"end":{"line":135,"column":5}},"line":103},"7":{"name":"(anonymous_7)","decl":{"start":{"line":106,"column":17},"end":{"line":106,"column":34}},"loc":{"start":{"line":106,"column":34},"end":{"line":134,"column":5}},"line":106},"8":{"name":"(anonymous_8)","decl":{"start":{"line":107,"column":46},"end":{"line":107,"column":51}},"loc":{"start":{"line":107,"column":51},"end":{"line":107,"column":55}},"line":107},"9":{"name":"(anonymous_9)","decl":{"start":{"line":108,"column":42},"end":{"line":108,"column":47}},"loc":{"start":{"line":108,"column":47},"end":{"line":108,"column":71}},"line":108},"10":{"name":"(anonymous_10)","decl":{"start":{"line":144,"column":24},"end":{"line":144,"column":25}},"loc":{"start":{"line":145,"column":12},"end":{"line":152,"column":null}},"line":145}},"branchMap":{"0":{"loc":{"start":{"line":30,"column":17},"end":{"line":30,"column":null}},"type":"binary-expr","locations":[{"start":{"line":30,"column":17},"end":{"line":30,"column":42}},{"start":{"line":30,"column":42},"end":{"line":30,"column":null}}],"line":30},"1":{"loc":{"start":{"line":40,"column":11},"end":{"line":40,"column":45}},"type":"binary-expr","locations":[{"start":{"line":40,"column":11},"end":{"line":40,"column":29}},{"start":{"line":40,"column":29},"end":{"line":40,"column":45}}],"line":40},"2":{"loc":{"start":{"line":45,"column":8},"end":{"line":48,"column":null}},"type":"binary-expr","locations":[{"start":{"line":45,"column":8},"end":{"line":45,"column":null}},{"start":{"line":46,"column":8},"end":{"line":46,"column":null}},{"start":{"line":47,"column":8},"end":{"line":47,"column":null}},{"start":{"line":48,"column":8},"end":{"line":48,"column":null}}],"line":45},"3":{"loc":{"start":{"line":51,"column":6},"end":{"line":53,"column":null}},"type":"if","locations":[{"start":{"line":51,"column":6},"end":{"line":53,"column":null}},{"start":{},"end":{}}],"line":51},"4":{"loc":{"start":{"line":58,"column":4},"end":{"line":65,"column":null}},"type":"if","locations":[{"start":{"line":58,"column":4},"end":{"line":65,"column":null}},{"start":{},"end":{}}],"line":58},"5":{"loc":{"start":{"line":59,"column":19},"end":{"line":59,"column":null}},"type":"binary-expr","locations":[{"start":{"line":59,"column":19},"end":{"line":59,"column":60}},{"start":{"line":59,"column":60},"end":{"line":59,"column":null}}],"line":59},"6":{"loc":{"start":{"line":86,"column":4},"end":{"line":86,"column":null}},"type":"if","locations":[{"start":{"line":86,"column":4},"end":{"line":86,"column":null}},{"start":{},"end":{}}],"line":86},"7":{"loc":{"start":{"line":90,"column":6},"end":{"line":95,"column":null}},"type":"if","locations":[{"start":{"line":90,"column":6},"end":{"line":95,"column":null}},{"start":{},"end":{}}],"line":90},"8":{"loc":{"start":{"line":104,"column":4},"end":{"line":104,"column":null}},"type":"if","locations":[{"start":{"line":104,"column":4},"end":{"line":104,"column":null}},{"start":{},"end":{}}],"line":104},"9":{"loc":{"start":{"line":104,"column":8},"end":{"line":104,"column":65}},"type":"binary-expr","locations":[{"start":{"line":104,"column":8},"end":{"line":104,"column":37}},{"start":{"line":104,"column":37},"end":{"line":104,"column":65}}],"line":104},"10":{"loc":{"start":{"line":114,"column":8},"end":{"line":117,"column":null}},"type":"if","locations":[{"start":{"line":114,"column":8},"end":{"line":117,"column":null}},{"start":{},"end":{}}],"line":114},"11":{"loc":{"start":{"line":115,"column":23},"end":{"line":115,"column":null}},"type":"binary-expr","locations":[{"start":{"line":115,"column":23},"end":{"line":115,"column":48}},{"start":{"line":115,"column":48},"end":{"line":115,"column":null}}],"line":115},"12":{"loc":{"start":{"line":128,"column":8},"end":{"line":128,"column":null}},"type":"if","locations":[{"start":{"line":128,"column":8},"end":{"line":128,"column":null}},{"start":{},"end":{}}],"line":128},"13":{"loc":{"start":{"line":150,"column":20},"end":{"line":150,"column":null}},"type":"binary-expr","locations":[{"start":{"line":150,"column":20},"end":{"line":150,"column":45}},{"start":{"line":150,"column":45},"end":{"line":150,"column":null}}],"line":150}},"s":{"0":2,"1":2,"2":0,"3":0,"4":0,"5":0,"6":0,"7":0,"8":0,"9":0,"10":0,"11":0,"12":0,"13":0,"14":0,"15":0,"16":0,"17":0,"18":0,"19":0,"20":0,"21":0,"22":0,"23":0,"24":0,"25":0,"26":0,"27":0,"28":0,"29":0,"30":0,"31":0,"32":0,"33":2,"34":2,"35":2,"36":2,"37":2,"38":2,"39":0,"40":2,"41":0,"42":0,"43":0,"44":2,"45":2,"46":2,"47":2,"48":2,"49":2,"50":0,"51":0,"52":0,"53":0,"54":0,"55":0,"56":0,"57":0,"58":0,"59":0,"60":0,"61":0,"62":0,"63":0,"64":0,"65":0,"66":0,"67":0,"68":0,"69":2,"70":4},"f":{"0":0,"1":0,"2":2,"3":2,"4":0,"5":2,"6":2,"7":0,"8":0,"9":0,"10":4},"b":{"0":[0,0],"1":[0,0],"2":[0,0,0,0],"3":[0,0],"4":[0,0],"5":[0,0],"6":[0,2],"7":[0,0],"8":[2,0],"9":[2,0],"10":[0,0],"11":[0,0],"12":[0,0],"13":[4,0]},"meta":{"lastBranch":14,"lastFunction":11,"lastStatement":71,"seen":{"s:12:19:12:Infinity":0,"s:13:21:13:Infinity":1,"f:15:9:15:Infinity":0,"s:22:20:22:Infinity":2,"s:23:17:23:Infinity":3,"s:25:18:25:Infinity":4,"s:26:25:26:Infinity":5,"s:27:26:27:Infinity":6,"s:29:2:69:Infinity":7,"s:30:17:30:Infinity":8,"b:30:17:30:42:30:42:30:Infinity":0,"s:31:14:31:Infinity":9,"s:32:14:32:Infinity":10,"s:34:12:34:Infinity":11,"s:35:12:35:Infinity":12,"s:36:19:36:Infinity":13,"s:37:24:37:Infinity":14,"s:40:4:55:Infinity":15,"b:40:11:40:29:40:29:40:45":1,"s:41:6:41:Infinity":16,"s:42:6:42:Infinity":17,"s:44:27:49:Infinity":18,"f:44:39:44:Infinity":1,"s:45:8:48:Infinity":19,"b:45:8:45:Infinity:46:8:46:Infinity:47:8:47:Infinity:48:8:48:Infinity":2,"b:51:6:53:Infinity:undefined:undefined:undefined:undefined":3,"s:51:6:53:Infinity":20,"s:52:8:52:Infinity":21,"s:54:6:54:Infinity":22,"b:58:4:65:Infinity:undefined:undefined:undefined:undefined":4,"s:58:4:65:Infinity":23,"s:59:19:59:Infinity":24,"b:59:19:59:60:59:60:59:Infinity":5,"s:60:20:60:Infinity":25,"s:61:18:61:Infinity":26,"s:62:18:62:Infinity":27,"s:63:6:63:Infinity":28,"s:64:6:64:Infinity":29,"s:67:4:67:Infinity":30,"s:68:4:68:Infinity":31,"s:71:2:71:Infinity":32,"f:74:16:74:28":2,"s:79:8:79:Infinity":33,"s:80:40:80:Infinity":34,"s:81:32:81:Infinity":35,"s:84:2:100:Infinity":36,"f:84:12:84:18":3,"s:85:22:85:Infinity":37,"b:86:4:86:Infinity:undefined:undefined:undefined:undefined":6,"s:86:4:86:Infinity":38,"s:86:20:86:Infinity":39,"s:88:21:96:Infinity":40,"f:88:40:88:41":4,"s:89:20:89:Infinity":41,"b:90:6:95:Infinity:undefined:undefined:undefined:undefined":7,"s:90:6:95:Infinity":42,"s:91:8:94:Infinity":43,"s:98:4:98:Infinity":44,"s:99:4:99:Infinity":45,"f:99:11:99:17":5,"s:99:17:99:Infinity":46,"s:103:2:135:Infinity":47,"f:103:12:103:18":6,"b:104:4:104:Infinity:undefined:undefined:undefined:undefined":8,"s:104:4:104:Infinity":48,"b:104:8:104:37:104:37:104:65":9,"s:104:65:104:Infinity":49,"s:106:4:134:Infinity":50,"f:106:17:106:34":7,"s:107:25:107:Infinity":51,"f:107:46:107:51":8,"s:107:51:107:55":52,"s:108:26:108:Infinity":53,"f:108:42:108:47":9,"s:108:47:108:71":54,"s:111:78:111:Infinity":55,"s:112:6:118:Infinity":56,"s:113:20:113:Infinity":57,"b:114:8:117:Infinity:undefined:undefined:undefined:undefined":10,"s:114:8:117:Infinity":58,"s:115:23:115:Infinity":59,"b:115:23:115:48:115:48:115:Infinity":11,"s:116:10:116:Infinity":60,"s:121:27:123:Infinity":61,"s:126:21:126:Infinity":62,"s:127:6:129:Infinity":63,"b:128:8:128:Infinity:undefined:undefined:undefined:undefined":12,"s:128:8:128:Infinity":64,"s:128:32:128:Infinity":65,"s:130:6:132:Infinity":66,"s:131:8:131:Infinity":67,"s:133:6:133:Infinity":68,"s:137:2:156:Infinity":69,"f:144:24:144:25":10,"s:145:12:152:Infinity":70,"b:150:20:150:45:150:45:150:Infinity":13}}}
,"/Users/fabian/git/emot-id/src/components/ResultModal.tsx": {"path":"/Users/fabian/git/emot-id/src/components/ResultModal.tsx","statementMap":{"0":{"start":{"line":13,"column":22},"end":{"line":13,"column":null}},"1":{"start":{"line":15,"column":20},"end":{"line":28,"column":null}},"2":{"start":{"line":16,"column":4},"end":{"line":16,"column":null}},"3":{"start":{"line":16,"column":30},"end":{"line":16,"column":null}},"4":{"start":{"line":17,"column":18},"end":{"line":17,"column":null}},"5":{"start":{"line":17,"column":37},"end":{"line":17,"column":54}},"6":{"start":{"line":18,"column":24},"end":{"line":18,"column":null}},"7":{"start":{"line":20,"column":6},"end":{"line":22,"column":null}},"8":{"start":{"line":25,"column":6},"end":{"line":25,"column":null}},"9":{"start":{"line":26,"column":18},"end":{"line":26,"column":null}},"10":{"start":{"line":27,"column":4},"end":{"line":27,"column":null}},"11":{"start":{"line":30,"column":2},"end":{"line":143,"column":null}},"12":{"start":{"line":45,"column":28},"end":{"line":45,"column":null}},"13":{"start":{"line":64,"column":40},"end":{"line":64,"column":57}},"14":{"start":{"line":72,"column":39},"end":{"line":72,"column":56}},"15":{"start":{"line":78,"column":20},"end":{"line":120,"column":null}},"16":{"start":{"line":88,"column":59},"end":{"line":88,"column":70}},"17":{"start":{"line":100,"column":44},"end":{"line":100,"column":59}}},"fnMap":{"0":{"name":"ResultModal","decl":{"start":{"line":12,"column":16},"end":{"line":12,"column":28}},"loc":{"start":{"line":12,"column":88},"end":{"line":145,"column":null}},"line":12},"1":{"name":"(anonymous_1)","decl":{"start":{"line":15,"column":20},"end":{"line":15,"column":26}},"loc":{"start":{"line":15,"column":26},"end":{"line":28,"column":null}},"line":15},"2":{"name":"(anonymous_2)","decl":{"start":{"line":17,"column":30},"end":{"line":17,"column":31}},"loc":{"start":{"line":17,"column":37},"end":{"line":17,"column":54}},"line":17},"3":{"name":"(anonymous_3)","decl":{"start":{"line":45,"column":21},"end":{"line":45,"column":22}},"loc":{"start":{"line":45,"column":28},"end":{"line":45,"column":null}},"line":45},"4":{"name":"(anonymous_4)","decl":{"start":{"line":64,"column":33},"end":{"line":64,"column":34}},"loc":{"start":{"line":64,"column":40},"end":{"line":64,"column":57}},"line":64},"5":{"name":"(anonymous_5)","decl":{"start":{"line":72,"column":32},"end":{"line":72,"column":33}},"loc":{"start":{"line":72,"column":39},"end":{"line":72,"column":56}},"line":72},"6":{"name":"(anonymous_6)","decl":{"start":{"line":77,"column":31},"end":{"line":77,"column":32}},"loc":{"start":{"line":78,"column":20},"end":{"line":120,"column":null}},"line":78},"7":{"name":"(anonymous_7)","decl":{"start":{"line":88,"column":52},"end":{"line":88,"column":53}},"loc":{"start":{"line":88,"column":59},"end":{"line":88,"column":70}},"line":88},"8":{"name":"(anonymous_8)","decl":{"start":{"line":100,"column":33},"end":{"line":100,"column":34}},"loc":{"start":{"line":100,"column":44},"end":{"line":100,"column":59}},"line":100}},"branchMap":{"0":{"loc":{"start":{"line":16,"column":4},"end":{"line":16,"column":null}},"type":"if","locations":[{"start":{"line":16,"column":4},"end":{"line":16,"column":null}},{"start":{},"end":{}}],"line":16},"1":{"loc":{"start":{"line":18,"column":24},"end":{"line":18,"column":null}},"type":"cond-expr","locations":[{"start":{"line":18,"column":44},"end":{"line":18,"column":53}},{"start":{"line":18,"column":53},"end":{"line":18,"column":null}}],"line":18},"2":{"loc":{"start":{"line":20,"column":6},"end":{"line":22,"column":null}},"type":"cond-expr","locations":[{"start":{"line":21,"column":10},"end":{"line":21,"column":null}},{"start":{"line":22,"column":10},"end":{"line":22,"column":null}}],"line":20},"3":{"loc":{"start":{"line":25,"column":6},"end":{"line":25,"column":null}},"type":"cond-expr","locations":[{"start":{"line":25,"column":28},"end":{"line":25,"column":57}},{"start":{"line":25,"column":57},"end":{"line":25,"column":null}}],"line":25},"4":{"loc":{"start":{"line":32,"column":7},"end":{"line":141,"column":null}},"type":"binary-expr","locations":[{"start":{"line":32,"column":7},"end":{"line":32,"column":null}},{"start":{"line":33,"column":8},"end":{"line":141,"column":null}}],"line":32},"5":{"loc":{"start":{"line":69,"column":15},"end":{"line":128,"column":null}},"type":"cond-expr","locations":[{"start":{"line":70,"column":16},"end":{"line":122,"column":null}},{"start":{"line":124,"column":16},"end":{"line":128,"column":null}}],"line":69},"6":{"loc":{"start":{"line":72,"column":19},"end":{"line":75,"column":null}},"type":"binary-expr","locations":[{"start":{"line":72,"column":19},"end":{"line":72,"column":null}},{"start":{"line":73,"column":20},"end":{"line":75,"column":null}}],"line":72},"7":{"loc":{"start":{"line":86,"column":23},"end":{"line":89,"column":null}},"type":"binary-expr","locations":[{"start":{"line":86,"column":23},"end":{"line":86,"column":null}},{"start":{"line":87,"column":24},"end":{"line":89,"column":null}}],"line":86},"8":{"loc":{"start":{"line":97,"column":23},"end":{"line":102,"column":null}},"type":"binary-expr","locations":[{"start":{"line":97,"column":23},"end":{"line":97,"column":null}},{"start":{"line":98,"column":24},"end":{"line":102,"column":null}}],"line":97},"9":{"loc":{"start":{"line":104,"column":23},"end":{"line":117,"column":null}},"type":"binary-expr","locations":[{"start":{"line":104,"column":23},"end":{"line":104,"column":null}},{"start":{"line":105,"column":24},"end":{"line":117,"column":null}}],"line":104},"10":{"loc":{"start":{"line":105,"column":24},"end":{"line":117,"column":null}},"type":"cond-expr","locations":[{"start":{"line":106,"column":26},"end":{"line":108,"column":null}},{"start":{"line":110,"column":26},"end":{"line":117,"column":null}}],"line":105}},"s":{"0":10,"1":10,"2":9,"3":3,"4":6,"5":9,"6":6,"7":9,"8":9,"9":9,"10":9,"11":10,"12":0,"13":11,"14":9,"15":9,"16":3,"17":2},"f":{"0":10,"1":9,"2":9,"3":0,"4":11,"5":9,"6":9,"7":3,"8":2},"b":{"0":[3,6],"1":[0,6],"2":[4,2],"3":[2,4],"4":[10,9],"5":[6,3],"6":[6,1],"7":[9,1],"8":[9,1],"9":[9,9],"10":[6,3]},"meta":{"lastBranch":11,"lastFunction":9,"lastStatement":18,"seen":{"f:12:16:12:28":0,"s:13:22:13:Infinity":0,"s:15:20:28:Infinity":1,"f:15:20:15:26":1,"b:16:4:16:Infinity:undefined:undefined:undefined:undefined":0,"s:16:4:16:Infinity":2,"s:16:30:16:Infinity":3,"s:17:18:17:Infinity":4,"f:17:30:17:31":2,"s:17:37:17:54":5,"s:18:24:18:Infinity":6,"b:18:44:18:53:18:53:18:Infinity":1,"s:20:6:22:Infinity":7,"b:21:10:21:Infinity:22:10:22:Infinity":2,"s:25:6:25:Infinity":8,"b:25:28:25:57:25:57:25:Infinity":3,"s:26:18:26:Infinity":9,"s:27:4:27:Infinity":10,"s:30:2:143:Infinity":11,"b:32:7:32:Infinity:33:8:141:Infinity":4,"f:45:21:45:22":3,"s:45:28:45:Infinity":12,"f:64:33:64:34":4,"s:64:40:64:57":13,"b:70:16:122:Infinity:124:16:128:Infinity":5,"b:72:19:72:Infinity:73:20:75:Infinity":6,"f:72:32:72:33":5,"s:72:39:72:56":14,"f:77:31:77:32":6,"s:78:20:120:Infinity":15,"b:86:23:86:Infinity:87:24:89:Infinity":7,"f:88:52:88:53":7,"s:88:59:88:70":16,"b:97:23:97:Infinity:98:24:102:Infinity":8,"f:100:33:100:34":8,"s:100:44:100:59":17,"b:104:23:104:Infinity:105:24:117:Infinity":9,"b:106:26:108:Infinity:110:26:117:Infinity":10}}}
,"/Users/fabian/git/emot-id/src/components/SelectionBar.tsx": {"path":"/Users/fabian/git/emot-id/src/components/SelectionBar.tsx","statementMap":{"0":{"start":{"line":13,"column":22},"end":{"line":13,"column":null}},"1":{"start":{"line":15,"column":2},"end":{"line":93,"column":null}},"2":{"start":{"line":45,"column":14},"end":{"line":64,"column":null}},"3":{"start":{"line":54,"column":31},"end":{"line":54,"column":null}},"4":{"start":{"line":78,"column":14},"end":{"line":88,"column":null}}},"fnMap":{"0":{"name":"SelectionBar","decl":{"start":{"line":12,"column":16},"end":{"line":12,"column":29}},"loc":{"start":{"line":12,"column":93},"end":{"line":95,"column":null}},"line":12},"1":{"name":"(anonymous_1)","decl":{"start":{"line":44,"column":27},"end":{"line":44,"column":28}},"loc":{"start":{"line":45,"column":14},"end":{"line":64,"column":null}},"line":45},"2":{"name":"(anonymous_2)","decl":{"start":{"line":54,"column":25},"end":{"line":54,"column":31}},"loc":{"start":{"line":54,"column":31},"end":{"line":54,"column":null}},"line":54},"3":{"name":"(anonymous_3)","decl":{"start":{"line":77,"column":24},"end":{"line":77,"column":25}},"loc":{"start":{"line":78,"column":14},"end":{"line":88,"column":null}},"line":78}},"branchMap":{"0":{"loc":{"start":{"line":21,"column":9},"end":{"line":28,"column":null}},"type":"binary-expr","locations":[{"start":{"line":21,"column":9},"end":{"line":21,"column":null}},{"start":{"line":22,"column":10},"end":{"line":28,"column":null}}],"line":21},"1":{"loc":{"start":{"line":33,"column":11},"end":{"line":65,"column":null}},"type":"cond-expr","locations":[{"start":{"line":34,"column":12},"end":{"line":42,"column":null}},{"start":{"line":44,"column":12},"end":{"line":65,"column":null}}],"line":33},"2":{"loc":{"start":{"line":70,"column":9},"end":{"line":90,"column":null}},"type":"binary-expr","locations":[{"start":{"line":70,"column":9},"end":{"line":70,"column":null}},{"start":{"line":71,"column":10},"end":{"line":90,"column":null}}],"line":70}},"s":{"0":5,"1":5,"2":8,"3":1,"4":0},"f":{"0":5,"1":8,"2":1,"3":0},"b":{"0":[5,4],"1":[1,4],"2":[5,0]},"meta":{"lastBranch":3,"lastFunction":4,"lastStatement":5,"seen":{"f:12:16:12:29":0,"s:13:22:13:Infinity":0,"s:15:2:93:Infinity":1,"b:21:9:21:Infinity:22:10:28:Infinity":0,"b:34:12:42:Infinity:44:12:65:Infinity":1,"f:44:27:44:28":1,"s:45:14:64:Infinity":2,"f:54:25:54:31":2,"s:54:31:54:Infinity":3,"b:70:9:70:Infinity:71:10:90:Infinity":2,"f:77:24:77:25":3,"s:78:14:88:Infinity":4}}}
,"/Users/fabian/git/emot-id/src/context/LanguageContext.tsx": {"path":"/Users/fabian/git/emot-id/src/context/LanguageContext.tsx","statementMap":{"0":{"start":{"line":15,"column":6},"end":{"line":15,"column":null}},"1":{"start":{"line":17,"column":43},"end":{"line":20,"column":null}},"2":{"start":{"line":23,"column":35},"end":{"line":36,"column":null}},"3":{"start":{"line":24,"column":4},"end":{"line":34,"column":null}},"4":{"start":{"line":25,"column":6},"end":{"line":30,"column":null}},"5":{"start":{"line":26,"column":22},"end":{"line":26,"column":null}},"6":{"start":{"line":27,"column":8},"end":{"line":27,"column":null}},"7":{"start":{"line":27,"column":46},"end":{"line":27,"column":null}},"8":{"start":{"line":32,"column":26},"end":{"line":32,"column":null}},"9":{"start":{"line":33,"column":6},"end":{"line":33,"column":null}},"10":{"start":{"line":33,"column":40},"end":{"line":33,"column":null}},"11":{"start":{"line":35,"column":4},"end":{"line":35,"column":null}},"12":{"start":{"line":38,"column":2},"end":{"line":44,"column":null}},"13":{"start":{"line":39,"column":4},"end":{"line":43,"column":null}},"14":{"start":{"line":40,"column":6},"end":{"line":40,"column":null}},"15":{"start":{"line":46,"column":22},"end":{"line":48,"column":null}},"16":{"start":{"line":47,"column":4},"end":{"line":47,"column":null}},"17":{"start":{"line":50,"column":2},"end":{"line":53,"column":null}},"18":{"start":{"line":59,"column":8},"end":{"line":59,"column":null}},"19":{"start":{"line":60,"column":2},"end":{"line":62,"column":null}},"20":{"start":{"line":61,"column":4},"end":{"line":61,"column":null}},"21":{"start":{"line":63,"column":2},"end":{"line":63,"column":null}}},"fnMap":{"0":{"name":"LanguageProvider","decl":{"start":{"line":22,"column":16},"end":{"line":22,"column":33}},"loc":{"start":{"line":22,"column":72},"end":{"line":55,"column":null}},"line":22},"1":{"name":"(anonymous_1)","decl":{"start":{"line":23,"column":58},"end":{"line":23,"column":64}},"loc":{"start":{"line":23,"column":64},"end":{"line":36,"column":3}},"line":23},"2":{"name":"(anonymous_2)","decl":{"start":{"line":38,"column":12},"end":{"line":38,"column":18}},"loc":{"start":{"line":38,"column":18},"end":{"line":44,"column":5}},"line":38},"3":{"name":"(anonymous_3)","decl":{"start":{"line":46,"column":22},"end":{"line":46,"column":23}},"loc":{"start":{"line":46,"column":42},"end":{"line":48,"column":null}},"line":46},"4":{"name":"useLanguage","decl":{"start":{"line":58,"column":16},"end":{"line":58,"column":30}},"loc":{"start":{"line":58,"column":30},"end":{"line":64,"column":null}},"line":58}},"branchMap":{"0":{"loc":{"start":{"line":24,"column":4},"end":{"line":34,"column":null}},"type":"if","locations":[{"start":{"line":24,"column":4},"end":{"line":34,"column":null}},{"start":{},"end":{}}],"line":24},"1":{"loc":{"start":{"line":27,"column":8},"end":{"line":27,"column":null}},"type":"if","locations":[{"start":{"line":27,"column":8},"end":{"line":27,"column":null}},{"start":{},"end":{}}],"line":27},"2":{"loc":{"start":{"line":27,"column":12},"end":{"line":27,"column":46}},"type":"binary-expr","locations":[{"start":{"line":27,"column":12},"end":{"line":27,"column":30}},{"start":{"line":27,"column":30},"end":{"line":27,"column":46}}],"line":27},"3":{"loc":{"start":{"line":33,"column":6},"end":{"line":33,"column":null}},"type":"if","locations":[{"start":{"line":33,"column":6},"end":{"line":33,"column":null}},{"start":{},"end":{}}],"line":33},"4":{"loc":{"start":{"line":60,"column":2},"end":{"line":62,"column":null}},"type":"if","locations":[{"start":{"line":60,"column":2},"end":{"line":62,"column":null}},{"start":{},"end":{}}],"line":60}},"s":{"0":6,"1":6,"2":25,"3":25,"4":25,"5":25,"6":25,"7":0,"8":25,"9":25,"10":0,"11":25,"12":25,"13":25,"14":25,"15":25,"16":0,"17":25,"18":27,"19":27,"20":0,"21":27},"f":{"0":25,"1":25,"2":25,"3":0,"4":27},"b":{"0":[25,0],"1":[0,25],"2":[25,25],"3":[0,25],"4":[0,27]},"meta":{"lastBranch":5,"lastFunction":5,"lastStatement":22,"seen":{"s:15:6:15:Infinity":0,"s:17:43:20:Infinity":1,"f:22:16:22:33":0,"s:23:35:36:Infinity":2,"f:23:58:23:64":1,"b:24:4:34:Infinity:undefined:undefined:undefined:undefined":0,"s:24:4:34:Infinity":3,"s:25:6:30:Infinity":4,"s:26:22:26:Infinity":5,"b:27:8:27:Infinity:undefined:undefined:undefined:undefined":1,"s:27:8:27:Infinity":6,"b:27:12:27:30:27:30:27:46":2,"s:27:46:27:Infinity":7,"s:32:26:32:Infinity":8,"b:33:6:33:Infinity:undefined:undefined:undefined:undefined":3,"s:33:6:33:Infinity":9,"s:33:40:33:Infinity":10,"s:35:4:35:Infinity":11,"s:38:2:44:Infinity":12,"f:38:12:38:18":2,"s:39:4:43:Infinity":13,"s:40:6:40:Infinity":14,"s:46:22:48:Infinity":15,"f:46:22:46:23":3,"s:47:4:47:Infinity":16,"s:50:2:53:Infinity":17,"f:58:16:58:30":4,"s:59:8:59:Infinity":18,"b:60:2:62:Infinity:undefined:undefined:undefined:undefined":4,"s:60:2:62:Infinity":19,"s:61:4:61:Infinity":20,"s:63:2:63:Infinity":21}}}
,"/Users/fabian/git/emot-id/src/hooks/useEmotionModel.ts": {"path":"/Users/fabian/git/emot-id/src/hooks/useEmotionModel.ts","statementMap":{"0":{"start":{"line":6,"column":8},"end":{"line":6,"column":null}},"1":{"start":{"line":8,"column":34},"end":{"line":8,"column":null}},"2":{"start":{"line":9,"column":34},"end":{"line":9,"column":null}},"3":{"start":{"line":9,"column":65},"end":{"line":9,"column":83}},"4":{"start":{"line":10,"column":8},"end":{"line":10,"column":null}},"5":{"start":{"line":11,"column":2},"end":{"line":11,"column":null}},"6":{"start":{"line":14,"column":2},"end":{"line":17,"column":null}},"7":{"start":{"line":15,"column":4},"end":{"line":15,"column":null}},"8":{"start":{"line":16,"column":4},"end":{"line":16,"column":null}},"9":{"start":{"line":19,"column":8},"end":{"line":24,"column":null}},"10":{"start":{"line":20,"column":16},"end":{"line":20,"column":null}},"11":{"start":{"line":21,"column":4},"end":{"line":23,"column":null}},"12":{"start":{"line":22,"column":19},"end":{"line":22,"column":40}},"13":{"start":{"line":23,"column":39},"end":{"line":23,"column":54}},"14":{"start":{"line":26,"column":8},"end":{"line":32,"column":null}},"15":{"start":{"line":27,"column":16},"end":{"line":27,"column":null}},"16":{"start":{"line":28,"column":4},"end":{"line":30,"column":null}},"17":{"start":{"line":29,"column":6},"end":{"line":29,"column":null}},"18":{"start":{"line":31,"column":4},"end":{"line":31,"column":null}},"19":{"start":{"line":34,"column":8},"end":{"line":52,"column":null}},"20":{"start":{"line":36,"column":6},"end":{"line":49,"column":null}},"21":{"start":{"line":37,"column":23},"end":{"line":37,"column":null}},"22":{"start":{"line":39,"column":8},"end":{"line":46,"column":null}},"23":{"start":{"line":40,"column":10},"end":{"line":40,"column":null}},"24":{"start":{"line":42,"column":10},"end":{"line":45,"column":null}},"25":{"start":{"line":43,"column":12},"end":{"line":43,"column":null}},"26":{"start":{"line":43,"column":33},"end":{"line":43,"column":52}},"27":{"start":{"line":43,"column":55},"end":{"line":43,"column":null}},"28":{"start":{"line":44,"column":12},"end":{"line":44,"column":null}},"29":{"start":{"line":48,"column":8},"end":{"line":48,"column":null}},"30":{"start":{"line":54,"column":8},"end":{"line":69,"column":null}},"31":{"start":{"line":56,"column":6},"end":{"line":66,"column":null}},"32":{"start":{"line":57,"column":23},"end":{"line":57,"column":null}},"33":{"start":{"line":59,"column":8},"end":{"line":63,"column":null}},"34":{"start":{"line":60,"column":10},"end":{"line":60,"column":null}},"35":{"start":{"line":62,"column":10},"end":{"line":62,"column":null}},"36":{"start":{"line":62,"column":34},"end":{"line":62,"column":73}},"37":{"start":{"line":62,"column":53},"end":{"line":62,"column":72}},"38":{"start":{"line":65,"column":8},"end":{"line":65,"column":null}},"39":{"start":{"line":71,"column":8},"end":{"line":74,"column":null}},"40":{"start":{"line":72,"column":4},"end":{"line":72,"column":null}},"41":{"start":{"line":73,"column":4},"end":{"line":73,"column":null}},"42":{"start":{"line":76,"column":8},"end":{"line":79,"column":null}},"43":{"start":{"line":77,"column":4},"end":{"line":77,"column":null}},"44":{"start":{"line":77,"column":31},"end":{"line":77,"column":null}},"45":{"start":{"line":78,"column":4},"end":{"line":78,"column":null}},"46":{"start":{"line":78,"column":51},"end":{"line":78,"column":68}},"47":{"start":{"line":81,"column":8},"end":{"line":83,"column":null}},"48":{"start":{"line":82,"column":4},"end":{"line":82,"column":null}},"49":{"start":{"line":85,"column":2},"end":{"line":94,"column":null}}},"fnMap":{"0":{"name":"useEmotionModel","decl":{"start":{"line":5,"column":16},"end":{"line":5,"column":32}},"loc":{"start":{"line":5,"column":66},"end":{"line":95,"column":null}},"line":5},"1":{"name":"(anonymous_1)","decl":{"start":{"line":9,"column":59},"end":{"line":9,"column":65}},"loc":{"start":{"line":9,"column":65},"end":{"line":9,"column":83}},"line":9},"2":{"name":"(anonymous_2)","decl":{"start":{"line":14,"column":12},"end":{"line":14,"column":18}},"loc":{"start":{"line":14,"column":18},"end":{"line":17,"column":5}},"line":14},"3":{"name":"(anonymous_3)","decl":{"start":{"line":19,"column":34},"end":{"line":19,"column":40}},"loc":{"start":{"line":19,"column":40},"end":{"line":24,"column":5}},"line":19},"4":{"name":"(anonymous_4)","decl":{"start":{"line":22,"column":11},"end":{"line":22,"column":12}},"loc":{"start":{"line":22,"column":19},"end":{"line":22,"column":40}},"line":22},"5":{"name":"(anonymous_5)","decl":{"start":{"line":23,"column":14},"end":{"line":23,"column":15}},"loc":{"start":{"line":23,"column":39},"end":{"line":23,"column":54}},"line":23},"6":{"name":"(anonymous_6)","decl":{"start":{"line":26,"column":24},"end":{"line":26,"column":30}},"loc":{"start":{"line":26,"column":30},"end":{"line":32,"column":5}},"line":26},"7":{"name":"(anonymous_7)","decl":{"start":{"line":35,"column":4},"end":{"line":35,"column":5}},"loc":{"start":{"line":35,"column":30},"end":{"line":50,"column":null}},"line":35},"8":{"name":"(anonymous_8)","decl":{"start":{"line":36,"column":20},"end":{"line":36,"column":21}},"loc":{"start":{"line":36,"column":35},"end":{"line":49,"column":7}},"line":36},"9":{"name":"(anonymous_9)","decl":{"start":{"line":42,"column":24},"end":{"line":42,"column":25}},"loc":{"start":{"line":42,"column":34},"end":{"line":45,"column":11}},"line":42},"10":{"name":"(anonymous_10)","decl":{"start":{"line":43,"column":26},"end":{"line":43,"column":27}},"loc":{"start":{"line":43,"column":33},"end":{"line":43,"column":52}},"line":43},"11":{"name":"(anonymous_11)","decl":{"start":{"line":55,"column":4},"end":{"line":55,"column":5}},"loc":{"start":{"line":55,"column":30},"end":{"line":67,"column":null}},"line":55},"12":{"name":"(anonymous_12)","decl":{"start":{"line":56,"column":20},"end":{"line":56,"column":21}},"loc":{"start":{"line":56,"column":35},"end":{"line":66,"column":7}},"line":56},"13":{"name":"(anonymous_13)","decl":{"start":{"line":62,"column":24},"end":{"line":62,"column":25}},"loc":{"start":{"line":62,"column":34},"end":{"line":62,"column":73}},"line":62},"14":{"name":"(anonymous_14)","decl":{"start":{"line":62,"column":46},"end":{"line":62,"column":47}},"loc":{"start":{"line":62,"column":53},"end":{"line":62,"column":72}},"line":62},"15":{"name":"(anonymous_15)","decl":{"start":{"line":71,"column":34},"end":{"line":71,"column":40}},"loc":{"start":{"line":71,"column":40},"end":{"line":74,"column":5}},"line":71},"16":{"name":"(anonymous_16)","decl":{"start":{"line":76,"column":25},"end":{"line":76,"column":31}},"loc":{"start":{"line":76,"column":31},"end":{"line":79,"column":5}},"line":76},"17":{"name":"(anonymous_17)","decl":{"start":{"line":78,"column":44},"end":{"line":78,"column":45}},"loc":{"start":{"line":78,"column":51},"end":{"line":78,"column":68}},"line":78},"18":{"name":"(anonymous_18)","decl":{"start":{"line":81,"column":30},"end":{"line":81,"column":54}},"loc":{"start":{"line":81,"column":54},"end":{"line":83,"column":5}},"line":81}},"branchMap":{"0":{"loc":{"start":{"line":5,"column":32},"end":{"line":5,"column":66}},"type":"default-arg","locations":[{"start":{"line":5,"column":50},"end":{"line":5,"column":66}}],"line":5},"1":{"loc":{"start":{"line":39,"column":8},"end":{"line":46,"column":null}},"type":"if","locations":[{"start":{"line":39,"column":8},"end":{"line":46,"column":null}},{"start":{"line":41,"column":15},"end":{"line":46,"column":null}}],"line":39},"2":{"loc":{"start":{"line":43,"column":12},"end":{"line":43,"column":null}},"type":"if","locations":[{"start":{"line":43,"column":12},"end":{"line":43,"column":null}},{"start":{},"end":{}}],"line":43},"3":{"loc":{"start":{"line":59,"column":8},"end":{"line":63,"column":null}},"type":"if","locations":[{"start":{"line":59,"column":8},"end":{"line":63,"column":null}},{"start":{"line":61,"column":15},"end":{"line":63,"column":null}}],"line":59},"4":{"loc":{"start":{"line":77,"column":4},"end":{"line":77,"column":null}},"type":"if","locations":[{"start":{"line":77,"column":4},"end":{"line":77,"column":null}},{"start":{},"end":{}}],"line":77}},"s":{"0":53,"1":53,"2":53,"3":10,"4":53,"5":53,"6":53,"7":11,"8":11,"9":53,"10":38,"11":38,"12":317,"13":317,"14":53,"15":38,"16":38,"17":317,"18":38,"19":53,"20":14,"21":14,"22":14,"23":4,"24":10,"25":10,"26":3,"27":0,"28":10,"29":14,"30":53,"31":2,"32":2,"33":2,"34":0,"35":2,"36":2,"37":3,"38":2,"39":53,"40":1,"41":1,"42":53,"43":34,"44":31,"45":3,"46":4,"47":53,"48":1,"49":53},"f":{"0":53,"1":10,"2":11,"3":38,"4":317,"5":317,"6":38,"7":14,"8":14,"9":10,"10":3,"11":2,"12":2,"13":2,"14":3,"15":1,"16":34,"17":4,"18":1},"b":{"0":[53],"1":[4,10],"2":[0,10],"3":[0,2],"4":[31,3]},"meta":{"lastBranch":5,"lastFunction":19,"lastStatement":50,"seen":{"f:5:16:5:32":0,"b:5:50:5:66":0,"s:6:8:6:Infinity":0,"s:8:34:8:Infinity":1,"s:9:34:9:Infinity":2,"f:9:59:9:65":1,"s:9:65:9:83":3,"s:10:8:10:Infinity":4,"s:11:2:11:Infinity":5,"s:14:2:17:Infinity":6,"f:14:12:14:18":2,"s:15:4:15:Infinity":7,"s:16:4:16:Infinity":8,"s:19:8:24:Infinity":9,"f:19:34:19:40":3,"s:20:16:20:Infinity":10,"s:21:4:23:Infinity":11,"f:22:11:22:12":4,"s:22:19:22:40":12,"f:23:14:23:15":5,"s:23:39:23:54":13,"s:26:8:32:Infinity":14,"f:26:24:26:30":6,"s:27:16:27:Infinity":15,"s:28:4:30:Infinity":16,"s:29:6:29:Infinity":17,"s:31:4:31:Infinity":18,"s:34:8:52:Infinity":19,"f:35:4:35:5":7,"s:36:6:49:Infinity":20,"f:36:20:36:21":8,"s:37:23:37:Infinity":21,"b:39:8:46:Infinity:41:15:46:Infinity":1,"s:39:8:46:Infinity":22,"s:40:10:40:Infinity":23,"s:42:10:45:Infinity":24,"f:42:24:42:25":9,"b:43:12:43:Infinity:undefined:undefined:undefined:undefined":2,"s:43:12:43:Infinity":25,"f:43:26:43:27":10,"s:43:33:43:52":26,"s:43:55:43:Infinity":27,"s:44:12:44:Infinity":28,"s:48:8:48:Infinity":29,"s:54:8:69:Infinity":30,"f:55:4:55:5":11,"s:56:6:66:Infinity":31,"f:56:20:56:21":12,"s:57:23:57:Infinity":32,"b:59:8:63:Infinity:61:15:63:Infinity":3,"s:59:8:63:Infinity":33,"s:60:10:60:Infinity":34,"s:62:10:62:Infinity":35,"f:62:24:62:25":13,"s:62:34:62:73":36,"f:62:46:62:47":14,"s:62:53:62:72":37,"s:65:8:65:Infinity":38,"s:71:8:74:Infinity":39,"f:71:34:71:40":15,"s:72:4:72:Infinity":40,"s:73:4:73:Infinity":41,"s:76:8:79:Infinity":42,"f:76:25:76:31":16,"b:77:4:77:Infinity:undefined:undefined:undefined:undefined":4,"s:77:4:77:Infinity":43,"s:77:31:77:Infinity":44,"s:78:4:78:Infinity":45,"f:78:44:78:45":17,"s:78:51:78:68":46,"s:81:8:83:Infinity":47,"f:81:30:81:54":18,"s:82:4:82:Infinity":48,"s:85:2:94:Infinity":49}}}
,"/Users/fabian/git/emot-id/src/i18n/en.json": {"path":"/Users/fabian/git/emot-id/src/i18n/en.json","statementMap":{},"fnMap":{},"branchMap":{},"s":{},"f":{},"b":{},"meta":{"lastBranch":0,"lastFunction":0,"lastStatement":0,"seen":{}}}
,"/Users/fabian/git/emot-id/src/i18n/ro.json": {"path":"/Users/fabian/git/emot-id/src/i18n/ro.json","statementMap":{},"fnMap":{},"branchMap":{},"s":{},"f":{},"b":{},"meta":{"lastBranch":0,"lastFunction":0,"lastStatement":0,"seen":{}}}
,"/Users/fabian/git/emot-id/src/models/registry.ts": {"path":"/Users/fabian/git/emot-id/src/models/registry.ts","statementMap":{"0":{"start":{"line":12,"column":51},"end":{"line":21,"column":null}},"1":{"start":{"line":23,"column":30},"end":{"line":23,"column":null}},"2":{"start":{"line":26,"column":2},"end":{"line":26,"column":null}},"3":{"start":{"line":30,"column":2},"end":{"line":30,"column":null}},"4":{"start":{"line":34,"column":2},"end":{"line":38,"column":null}},"5":{"start":{"line":34,"column":47},"end":{"line":38,"column":4}}},"fnMap":{"0":{"name":"getModel","decl":{"start":{"line":25,"column":16},"end":{"line":25,"column":25}},"loc":{"start":{"line":25,"column":76},"end":{"line":27,"column":null}},"line":25},"1":{"name":"getVisualization","decl":{"start":{"line":29,"column":16},"end":{"line":29,"column":33}},"loc":{"start":{"line":29,"column":92},"end":{"line":31,"column":null}},"line":29},"2":{"name":"getAvailableModels","decl":{"start":{"line":33,"column":16},"end":{"line":33,"column":110}},"loc":{"start":{"line":33,"column":110},"end":{"line":39,"column":null}},"line":33},"3":{"name":"(anonymous_3)","decl":{"start":{"line":34,"column":35},"end":{"line":34,"column":36}},"loc":{"start":{"line":34,"column":47},"end":{"line":38,"column":4}},"line":34}},"branchMap":{},"s":{"0":1,"1":1,"2":53,"3":0,"4":0,"5":0},"f":{"0":53,"1":0,"2":0,"3":0},"b":{},"meta":{"lastBranch":0,"lastFunction":4,"lastStatement":6,"seen":{"s:12:51:21:Infinity":0,"s:23:30:23:Infinity":1,"f:25:16:25:25":0,"s:26:2:26:Infinity":2,"f:29:16:29:33":1,"s:30:2:30:Infinity":3,"f:33:16:33:110":2,"s:34:2:38:Infinity":4,"f:34:35:34:36":3,"s:34:47:38:4":5}}}
,"/Users/fabian/git/emot-id/src/models/plutchik/data.json": {"path":"/Users/fabian/git/emot-id/src/models/plutchik/data.json","statementMap":{},"fnMap":{},"branchMap":{},"s":{},"f":{},"b":{},"meta":{"lastBranch":0,"lastFunction":0,"lastStatement":0,"seen":{}}}
,"/Users/fabian/git/emot-id/src/models/plutchik/index.ts": {"path":"/Users/fabian/git/emot-id/src/models/plutchik/index.ts","statementMap":{"0":{"start":{"line":5,"column":20},"end":{"line":5,"column":null}},"1":{"start":{"line":7,"column":28},"end":{"line":16,"column":null}},"2":{"start":{"line":18,"column":60},"end":{"line":129,"column":null}},"3":{"start":{"line":28,"column":4},"end":{"line":31,"column":null}},"4":{"start":{"line":29,"column":65},"end":{"line":29,"column":72}},"5":{"start":{"line":35,"column":19},"end":{"line":35,"column":null}},"6":{"start":{"line":36,"column":19},"end":{"line":36,"column":null}},"7":{"start":{"line":37,"column":4},"end":{"line":37,"column":null}},"8":{"start":{"line":39,"column":19},"end":{"line":39,"column":null}},"9":{"start":{"line":40,"column":4},"end":{"line":46,"column":null}},"10":{"start":{"line":41,"column":6},"end":{"line":45,"column":null}},"11":{"start":{"line":41,"column":58},"end":{"line":41,"column":74}},"12":{"start":{"line":42,"column":8},"end":{"line":44,"column":null}},"13":{"start":{"line":43,"column":10},"end":{"line":43,"column":null}},"14":{"start":{"line":48,"column":4},"end":{"line":53,"column":null}},"15":{"start":{"line":57,"column":19},"end":{"line":57,"column":null}},"16":{"start":{"line":58,"column":21},"end":{"line":58,"column":null}},"17":{"start":{"line":60,"column":4},"end":{"line":66,"column":null}},"18":{"start":{"line":61,"column":6},"end":{"line":63,"column":null}},"19":{"start":{"line":62,"column":8},"end":{"line":62,"column":null}},"20":{"start":{"line":62,"column":29},"end":{"line":62,"column":null}},"21":{"start":{"line":65,"column":6},"end":{"line":65,"column":null}},"22":{"start":{"line":68,"column":4},"end":{"line":73,"column":null}},"23":{"start":{"line":77,"column":4},"end":{"line":80,"column":null}},"24":{"start":{"line":78,"column":65},"end":{"line":78,"column":72}},"25":{"start":{"line":84,"column":4},"end":{"line":84,"column":null}},"26":{"start":{"line":84,"column":33},"end":{"line":84,"column":null}},"27":{"start":{"line":86,"column":4},"end":{"line":89,"column":null}},"28":{"start":{"line":87,"column":16},"end":{"line":87,"column":null}},"29":{"start":{"line":88,"column":6},"end":{"line":88,"column":null}},"30":{"start":{"line":91,"column":38},"end":{"line":91,"column":null}},"31":{"start":{"line":92,"column":25},"end":{"line":92,"column":null}},"32":{"start":{"line":92,"column":55},"end":{"line":92,"column":59}},"33":{"start":{"line":93,"column":28},"end":{"line":93,"column":null}},"34":{"start":{"line":95,"column":4},"end":{"line":112,"column":null}},"35":{"start":{"line":96,"column":6},"end":{"line":111,"column":null}},"36":{"start":{"line":97,"column":25},"end":{"line":97,"column":null}},"37":{"start":{"line":98,"column":8},"end":{"line":110,"column":null}},"38":{"start":{"line":99,"column":10},"end":{"line":99,"column":null}},"39":{"start":{"line":100,"column":10},"end":{"line":100,"column":null}},"40":{"start":{"line":101,"column":24},"end":{"line":101,"column":null}},"41":{"start":{"line":102,"column":24},"end":{"line":102,"column":null}},"42":{"start":{"line":103,"column":10},"end":{"line":109,"column":null}},"43":{"start":{"line":114,"column":4},"end":{"line":118,"column":null}},"44":{"start":{"line":115,"column":6},"end":{"line":117,"column":null}},"45":{"start":{"line":116,"column":8},"end":{"line":116,"column":null}},"46":{"start":{"line":120,"column":4},"end":{"line":120,"column":null}},"47":{"start":{"line":124,"column":16},"end":{"line":124,"column":null}},"48":{"start":{"line":125,"column":17},"end":{"line":125,"column":null}},"49":{"start":{"line":126,"column":4},"end":{"line":126,"column":null}},"50":{"start":{"line":126,"column":20},"end":{"line":126,"column":null}},"51":{"start":{"line":127,"column":4},"end":{"line":127,"column":null}}},"fnMap":{"0":{"name":"(anonymous_0)","decl":{"start":{"line":27,"column":6},"end":{"line":27,"column":33}},"loc":{"start":{"line":27,"column":33},"end":{"line":32,"column":null}},"line":27},"1":{"name":"(anonymous_1)","decl":{"start":{"line":29,"column":57},"end":{"line":29,"column":58}},"loc":{"start":{"line":29,"column":65},"end":{"line":29,"column":72}},"line":29},"2":{"name":"(anonymous_2)","decl":{"start":{"line":34,"column":2},"end":{"line":34,"column":11}},"loc":{"start":{"line":34,"column":104},"end":{"line":54,"column":null}},"line":34},"3":{"name":"(anonymous_3)","decl":{"start":{"line":41,"column":51},"end":{"line":41,"column":52}},"loc":{"start":{"line":41,"column":58},"end":{"line":41,"column":74}},"line":41},"4":{"name":"(anonymous_4)","decl":{"start":{"line":56,"column":2},"end":{"line":56,"column":13}},"loc":{"start":{"line":56,"column":75},"end":{"line":74,"column":null}},"line":56},"5":{"name":"(anonymous_5)","decl":{"start":{"line":61,"column":33},"end":{"line":61,"column":34}},"loc":{"start":{"line":61,"column":41},"end":{"line":63,"column":7}},"line":61},"6":{"name":"(anonymous_6)","decl":{"start":{"line":76,"column":2},"end":{"line":76,"column":24}},"loc":{"start":{"line":76,"column":24},"end":{"line":81,"column":null}},"line":76},"7":{"name":"(anonymous_7)","decl":{"start":{"line":78,"column":57},"end":{"line":78,"column":58}},"loc":{"start":{"line":78,"column":65},"end":{"line":78,"column":72}},"line":78},"8":{"name":"(anonymous_8)","decl":{"start":{"line":83,"column":2},"end":{"line":83,"column":10}},"loc":{"start":{"line":83,"column":59},"end":{"line":121,"column":null}},"line":83},"9":{"name":"(anonymous_9)","decl":{"start":{"line":92,"column":48},"end":{"line":92,"column":49}},"loc":{"start":{"line":92,"column":55},"end":{"line":92,"column":59}},"line":92},"10":{"name":"(anonymous_10)","decl":{"start":{"line":123,"column":2},"end":{"line":123,"column":17}},"loc":{"start":{"line":123,"column":85},"end":{"line":128,"column":null}},"line":123}},"branchMap":{"0":{"loc":{"start":{"line":39,"column":19},"end":{"line":39,"column":null}},"type":"binary-expr","locations":[{"start":{"line":39,"column":19},"end":{"line":39,"column":37}},{"start":{"line":39,"column":37},"end":{"line":39,"column":null}}],"line":39},"1":{"loc":{"start":{"line":41,"column":6},"end":{"line":45,"column":null}},"type":"if","locations":[{"start":{"line":41,"column":6},"end":{"line":45,"column":null}},{"start":{},"end":{}}],"line":41},"2":{"loc":{"start":{"line":41,"column":10},"end":{"line":41,"column":77}},"type":"binary-expr","locations":[{"start":{"line":41,"column":10},"end":{"line":41,"column":34}},{"start":{"line":41,"column":34},"end":{"line":41,"column":77}}],"line":41},"3":{"loc":{"start":{"line":42,"column":8},"end":{"line":44,"column":null}},"type":"if","locations":[{"start":{"line":42,"column":8},"end":{"line":44,"column":null}},{"start":{},"end":{}}],"line":42},"4":{"loc":{"start":{"line":60,"column":4},"end":{"line":66,"column":null}},"type":"if","locations":[{"start":{"line":60,"column":4},"end":{"line":66,"column":null}},{"start":{"line":64,"column":11},"end":{"line":66,"column":null}}],"line":60},"5":{"loc":{"start":{"line":62,"column":8},"end":{"line":62,"column":null}},"type":"if","locations":[{"start":{"line":62,"column":8},"end":{"line":62,"column":null}},{"start":{},"end":{}}],"line":62},"6":{"loc":{"start":{"line":84,"column":4},"end":{"line":84,"column":null}},"type":"if","locations":[{"start":{"line":84,"column":4},"end":{"line":84,"column":null}},{"start":{},"end":{}}],"line":84},"7":{"loc":{"start":{"line":86,"column":4},"end":{"line":89,"column":null}},"type":"if","locations":[{"start":{"line":86,"column":4},"end":{"line":89,"column":null}},{"start":{},"end":{}}],"line":86},"8":{"loc":{"start":{"line":96,"column":6},"end":{"line":111,"column":null}},"type":"if","locations":[{"start":{"line":96,"column":6},"end":{"line":111,"column":null}},{"start":{},"end":{}}],"line":96},"9":{"loc":{"start":{"line":96,"column":10},"end":{"line":96,"column":65}},"type":"binary-expr","locations":[{"start":{"line":96,"column":10},"end":{"line":96,"column":32}},{"start":{"line":96,"column":32},"end":{"line":96,"column":65}}],"line":96},"10":{"loc":{"start":{"line":98,"column":8},"end":{"line":110,"column":null}},"type":"if","locations":[{"start":{"line":98,"column":8},"end":{"line":110,"column":null}},{"start":{},"end":{}}],"line":98},"11":{"loc":{"start":{"line":98,"column":12},"end":{"line":98,"column":58}},"type":"binary-expr","locations":[{"start":{"line":98,"column":12},"end":{"line":98,"column":36}},{"start":{"line":98,"column":36},"end":{"line":98,"column":58}}],"line":98},"12":{"loc":{"start":{"line":115,"column":6},"end":{"line":117,"column":null}},"type":"if","locations":[{"start":{"line":115,"column":6},"end":{"line":117,"column":null}},{"start":{},"end":{}}],"line":115},"13":{"loc":{"start":{"line":124,"column":16},"end":{"line":124,"column":null}},"type":"binary-expr","locations":[{"start":{"line":124,"column":16},"end":{"line":124,"column":58}},{"start":{"line":124,"column":58},"end":{"line":124,"column":null}}],"line":124},"14":{"loc":{"start":{"line":126,"column":4},"end":{"line":126,"column":null}},"type":"if","locations":[{"start":{"line":126,"column":4},"end":{"line":126,"column":null}},{"start":{},"end":{}}],"line":126}},"s":{"0":2,"1":2,"2":2,"3":18,"4":144,"5":8,"6":8,"7":8,"8":8,"9":8,"10":32,"11":4,"12":32,"13":30,"14":8,"15":1,"16":1,"17":1,"18":0,"19":0,"20":0,"21":1,"22":1,"23":1,"24":8,"25":11,"26":1,"27":10,"28":2,"29":2,"30":8,"31":8,"32":19,"33":8,"34":8,"35":424,"36":232,"37":232,"38":10,"39":10,"40":10,"41":10,"42":10,"43":8,"44":19,"45":2,"46":8,"47":245,"48":245,"49":245,"50":182,"51":63},"f":{"0":18,"1":144,"2":8,"3":4,"4":1,"5":0,"6":1,"7":8,"8":11,"9":19,"10":245},"b":{"0":[8,0],"1":[32,0],"2":[32,32],"3":[30,2],"4":[0,1],"5":[0,0],"6":[1,10],"7":[2,8],"8":[232,192],"9":[424,232],"10":[10,222],"11":[232,67],"12":[2,17],"13":[245,0],"14":[182,63]},"meta":{"lastBranch":15,"lastFunction":11,"lastStatement":52,"seen":{"s:5:20:5:Infinity":0,"s:7:28:16:Infinity":1,"s:18:60:129:Infinity":2,"f:27:6:27:33":0,"s:28:4:31:Infinity":3,"f:29:57:29:58":1,"s:29:65:29:72":4,"f:34:2:34:11":2,"s:35:19:35:Infinity":5,"s:36:19:36:Infinity":6,"s:37:4:37:Infinity":7,"s:39:19:39:Infinity":8,"b:39:19:39:37:39:37:39:Infinity":0,"s:40:4:46:Infinity":9,"b:41:6:45:Infinity:undefined:undefined:undefined:undefined":1,"s:41:6:45:Infinity":10,"b:41:10:41:34:41:34:41:77":2,"f:41:51:41:52":3,"s:41:58:41:74":11,"b:42:8:44:Infinity:undefined:undefined:undefined:undefined":3,"s:42:8:44:Infinity":12,"s:43:10:43:Infinity":13,"s:48:4:53:Infinity":14,"f:56:2:56:13":4,"s:57:19:57:Infinity":15,"s:58:21:58:Infinity":16,"b:60:4:66:Infinity:64:11:66:Infinity":4,"s:60:4:66:Infinity":17,"s:61:6:63:Infinity":18,"f:61:33:61:34":5,"b:62:8:62:Infinity:undefined:undefined:undefined:undefined":5,"s:62:8:62:Infinity":19,"s:62:29:62:Infinity":20,"s:65:6:65:Infinity":21,"s:68:4:73:Infinity":22,"f:76:2:76:24":6,"s:77:4:80:Infinity":23,"f:78:57:78:58":7,"s:78:65:78:72":24,"f:83:2:83:10":8,"b:84:4:84:Infinity:undefined:undefined:undefined:undefined":6,"s:84:4:84:Infinity":25,"s:84:33:84:Infinity":26,"b:86:4:89:Infinity:undefined:undefined:undefined:undefined":7,"s:86:4:89:Infinity":27,"s:87:16:87:Infinity":28,"s:88:6:88:Infinity":29,"s:91:38:91:Infinity":30,"s:92:25:92:Infinity":31,"f:92:48:92:49":9,"s:92:55:92:59":32,"s:93:28:93:Infinity":33,"s:95:4:112:Infinity":34,"b:96:6:111:Infinity:undefined:undefined:undefined:undefined":8,"s:96:6:111:Infinity":35,"b:96:10:96:32:96:32:96:65":9,"s:97:25:97:Infinity":36,"b:98:8:110:Infinity:undefined:undefined:undefined:undefined":10,"s:98:8:110:Infinity":37,"b:98:12:98:36:98:36:98:58":11,"s:99:10:99:Infinity":38,"s:100:10:100:Infinity":39,"s:101:24:101:Infinity":40,"s:102:24:102:Infinity":41,"s:103:10:109:Infinity":42,"s:114:4:118:Infinity":43,"b:115:6:117:Infinity:undefined:undefined:undefined:undefined":12,"s:115:6:117:Infinity":44,"s:116:8:116:Infinity":45,"s:120:4:120:Infinity":46,"f:123:2:123:17":10,"s:124:16:124:Infinity":47,"b:124:16:124:58:124:58:124:Infinity":13,"s:125:17:125:Infinity":48,"b:126:4:126:Infinity:undefined:undefined:undefined:undefined":14,"s:126:4:126:Infinity":49,"s:126:20:126:Infinity":50,"s:127:4:127:Infinity":51}}}
,"/Users/fabian/git/emot-id/src/models/wheel/data.json": {"path":"/Users/fabian/git/emot-id/src/models/wheel/data.json","statementMap":{},"fnMap":{},"branchMap":{},"s":{},"f":{},"b":{},"meta":{"lastBranch":0,"lastFunction":0,"lastStatement":0,"seen":{}}}
,"/Users/fabian/git/emot-id/src/models/wheel/index.ts": {"path":"/Users/fabian/git/emot-id/src/models/wheel/index.ts","statementMap":{"0":{"start":{"line":5,"column":20},"end":{"line":5,"column":null}},"1":{"start":{"line":7,"column":19},"end":{"line":15,"column":null}},"2":{"start":{"line":17,"column":54},"end":{"line":104,"column":null}},"3":{"start":{"line":27,"column":4},"end":{"line":30,"column":null}},"4":{"start":{"line":28,"column":56},"end":{"line":28,"column":63}},"5":{"start":{"line":34,"column":19},"end":{"line":34,"column":null}},"6":{"start":{"line":36,"column":4},"end":{"line":50,"column":null}},"7":{"start":{"line":39,"column":21},"end":{"line":39,"column":null}},"8":{"start":{"line":40,"column":6},"end":{"line":42,"column":null}},"9":{"start":{"line":41,"column":8},"end":{"line":41,"column":null}},"10":{"start":{"line":43,"column":6},"end":{"line":49,"column":null}},"11":{"start":{"line":53,"column":4},"end":{"line":58,"column":null}},"12":{"start":{"line":55,"column":58},"end":{"line":55,"column":65}},"13":{"start":{"line":63,"column":4},"end":{"line":68,"column":null}},"14":{"start":{"line":65,"column":58},"end":{"line":65,"column":65}},"15":{"start":{"line":72,"column":4},"end":{"line":75,"column":null}},"16":{"start":{"line":73,"column":56},"end":{"line":73,"column":63}},"17":{"start":{"line":79,"column":4},"end":{"line":94,"column":null}},"18":{"start":{"line":80,"column":49},"end":{"line":80,"column":null}},"19":{"start":{"line":81,"column":46},"end":{"line":81,"column":null}},"20":{"start":{"line":82,"column":6},"end":{"line":85,"column":null}},"21":{"start":{"line":83,"column":8},"end":{"line":83,"column":null}},"22":{"start":{"line":84,"column":8},"end":{"line":84,"column":null}},"23":{"start":{"line":87,"column":6},"end":{"line":93,"column":null}},"24":{"start":{"line":98,"column":20},"end":{"line":98,"column":null}},"25":{"start":{"line":99,"column":4},"end":{"line":99,"column":null}},"26":{"start":{"line":99,"column":18},"end":{"line":99,"column":null}},"27":{"start":{"line":100,"column":4},"end":{"line":100,"column":null}},"28":{"start":{"line":100,"column":29},"end":{"line":100,"column":null}},"29":{"start":{"line":101,"column":4},"end":{"line":101,"column":null}},"30":{"start":{"line":101,"column":29},"end":{"line":101,"column":null}},"31":{"start":{"line":102,"column":4},"end":{"line":102,"column":null}}},"fnMap":{"0":{"name":"(anonymous_0)","decl":{"start":{"line":26,"column":6},"end":{"line":26,"column":33}},"loc":{"start":{"line":26,"column":33},"end":{"line":31,"column":null}},"line":26},"1":{"name":"(anonymous_1)","decl":{"start":{"line":28,"column":48},"end":{"line":28,"column":49}},"loc":{"start":{"line":28,"column":56},"end":{"line":28,"column":63}},"line":28},"2":{"name":"(anonymous_2)","decl":{"start":{"line":33,"column":2},"end":{"line":33,"column":11}},"loc":{"start":{"line":33,"column":98},"end":{"line":59,"column":null}},"line":33},"3":{"name":"(anonymous_3)","decl":{"start":{"line":55,"column":50},"end":{"line":55,"column":51}},"loc":{"start":{"line":55,"column":58},"end":{"line":55,"column":65}},"line":55},"4":{"name":"(anonymous_4)","decl":{"start":{"line":61,"column":2},"end":{"line":61,"column":13}},"loc":{"start":{"line":61,"column":74},"end":{"line":69,"column":null}},"line":61},"5":{"name":"(anonymous_5)","decl":{"start":{"line":65,"column":50},"end":{"line":65,"column":51}},"loc":{"start":{"line":65,"column":58},"end":{"line":65,"column":65}},"line":65},"6":{"name":"(anonymous_6)","decl":{"start":{"line":71,"column":2},"end":{"line":71,"column":24}},"loc":{"start":{"line":71,"column":24},"end":{"line":76,"column":null}},"line":71},"7":{"name":"(anonymous_7)","decl":{"start":{"line":73,"column":48},"end":{"line":73,"column":49}},"loc":{"start":{"line":73,"column":56},"end":{"line":73,"column":63}},"line":73},"8":{"name":"(anonymous_8)","decl":{"start":{"line":78,"column":2},"end":{"line":78,"column":10}},"loc":{"start":{"line":78,"column":56},"end":{"line":95,"column":null}},"line":78},"9":{"name":"(anonymous_9)","decl":{"start":{"line":79,"column":26},"end":{"line":79,"column":27}},"loc":{"start":{"line":79,"column":33},"end":{"line":94,"column":5}},"line":79},"10":{"name":"(anonymous_10)","decl":{"start":{"line":97,"column":2},"end":{"line":97,"column":17}},"loc":{"start":{"line":97,"column":66},"end":{"line":103,"column":null}},"line":97}},"branchMap":{"0":{"loc":{"start":{"line":36,"column":4},"end":{"line":50,"column":null}},"type":"if","locations":[{"start":{"line":36,"column":4},"end":{"line":50,"column":null}},{"start":{},"end":{}}],"line":36},"1":{"loc":{"start":{"line":84,"column":18},"end":{"line":84,"column":null}},"type":"cond-expr","locations":[{"start":{"line":84,"column":35},"end":{"line":84,"column":65}},{"start":{"line":84,"column":65},"end":{"line":84,"column":null}}],"line":84},"2":{"loc":{"start":{"line":92,"column":23},"end":{"line":92,"column":null}},"type":"cond-expr","locations":[{"start":{"line":92,"column":41},"end":{"line":92,"column":48}},{"start":{"line":92,"column":48},"end":{"line":92,"column":null}}],"line":92},"3":{"loc":{"start":{"line":99,"column":4},"end":{"line":99,"column":null}},"type":"if","locations":[{"start":{"line":99,"column":4},"end":{"line":99,"column":null}},{"start":{},"end":{}}],"line":99},"4":{"loc":{"start":{"line":100,"column":4},"end":{"line":100,"column":null}},"type":"if","locations":[{"start":{"line":100,"column":4},"end":{"line":100,"column":null}},{"start":{},"end":{}}],"line":100},"5":{"loc":{"start":{"line":101,"column":4},"end":{"line":101,"column":null}},"type":"if","locations":[{"start":{"line":101,"column":4},"end":{"line":101,"column":null}},{"start":{},"end":{}}],"line":101}},"s":{"0":4,"1":4,"2":4,"3":6,"4":42,"5":10,"6":10,"7":7,"8":7,"9":39,"10":7,"11":3,"12":21,"13":2,"14":14,"15":1,"16":7,"17":8,"18":11,"19":11,"20":11,"21":28,"22":28,"23":11,"24":72,"25":72,"26":11,"27":61,"28":42,"29":19,"30":15,"31":4},"f":{"0":6,"1":42,"2":10,"3":21,"4":2,"5":14,"6":1,"7":7,"8":8,"9":11,"10":72},"b":{"0":[7,3],"1":[17,11],"2":[9,2],"3":[11,61],"4":[42,19],"5":[15,4]},"meta":{"lastBranch":6,"lastFunction":11,"lastStatement":32,"seen":{"s:5:20:5:Infinity":0,"s:7:19:15:Infinity":1,"s:17:54:104:Infinity":2,"f:26:6:26:33":0,"s:27:4:30:Infinity":3,"f:28:48:28:49":1,"s:28:56:28:63":4,"f:33:2:33:11":2,"s:34:19:34:Infinity":5,"b:36:4:50:Infinity:undefined:undefined:undefined:undefined":0,"s:36:4:50:Infinity":6,"s:39:21:39:Infinity":7,"s:40:6:42:Infinity":8,"s:41:8:41:Infinity":9,"s:43:6:49:Infinity":10,"s:53:4:58:Infinity":11,"f:55:50:55:51":3,"s:55:58:55:65":12,"f:61:2:61:13":4,"s:63:4:68:Infinity":13,"f:65:50:65:51":5,"s:65:58:65:65":14,"f:71:2:71:24":6,"s:72:4:75:Infinity":15,"f:73:48:73:49":7,"s:73:56:73:63":16,"f:78:2:78:10":8,"s:79:4:94:Infinity":17,"f:79:26:79:27":9,"s:80:49:80:Infinity":18,"s:81:46:81:Infinity":19,"s:82:6:85:Infinity":20,"s:83:8:83:Infinity":21,"s:84:8:84:Infinity":22,"b:84:35:84:65:84:65:84:Infinity":1,"s:87:6:93:Infinity":23,"b:92:41:92:48:92:48:92:Infinity":2,"f:97:2:97:17":10,"s:98:20:98:Infinity":24,"b:99:4:99:Infinity:undefined:undefined:undefined:undefined":3,"s:99:4:99:Infinity":25,"s:99:18:99:Infinity":26,"b:100:4:100:Infinity:undefined:undefined:undefined:undefined":4,"s:100:4:100:Infinity":27,"s:100:29:100:Infinity":28,"b:101:4:101:Infinity:undefined:undefined:undefined:undefined":5,"s:101:4:101:Infinity":29,"s:101:29:101:Infinity":30,"s:102:4:102:Infinity":31}}}
}
